2014/07/15 10:51:08 [/uverworld/html/admin/index.php] access error. from ::1
2014/07/15 10:51:08 [/uverworld/html/admin/index.php] login: user=admin123(2) auth=0 lastlogin= sid= from ::1
2014/07/15 10:51:08 [/uverworld/html/admin/home.php] access : user=admin123 auth=0 sid=12114c807fce38034c0a6edb1aecde5e from ::1
2014/07/15 10:52:37 [/uverworld/html/admin/home.php] access : user=admin123 auth=0 sid=12114c807fce38034c0a6edb1aecde5e from ::1
2014/07/15 10:53:39 [/uverworld/html/admin/system/parameter.php] access : user=admin123 auth=0 sid=12114c807fce38034c0a6edb1aecde5e from ::1
2014/07/15 10:54:23 [/uverworld/html/admin/system/parameter.php] access : user=admin123 auth=0 sid=12114c807fce38034c0a6edb1aecde5e from ::1
2014/07/15 11:02:28 [/uverworld/html/admin/design/index.php] access : user=admin123 auth=0 sid=12114c807fce38034c0a6edb1aecde5e from ::1
2014/07/15 11:02:49 [/uverworld/html/admin/design/index.php] access : user=admin123 auth=0 sid=12114c807fce38034c0a6edb1aecde5e from ::1
2014/07/15 11:02:49 [/uverworld/html/admin/design/index.php] access : user=admin123 auth=0 sid=12114c807fce38034c0a6edb1aecde5e from ::1
2014/07/15 11:03:46 [/uverworld/html/admin/system/parameter.php] access : user=admin123 auth=0 sid=12114c807fce38034c0a6edb1aecde5e from ::1
2014/07/15 11:04:58 [/uverworld/html/admin/system/parameter.php] access : user=admin123 auth=0 sid=12114c807fce38034c0a6edb1aecde5e from ::1
2014/07/15 11:06:00 [/uverworld/html/admin/system/parameter.php] access : user=admin123 auth=0 sid=12114c807fce38034c0a6edb1aecde5e from ::1
2014/07/15 11:16:36 [/uverworld/html/admin/index.php] access : user=admin123 auth=0 sid=12114c807fce38034c0a6edb1aecde5e from ::1
2014/07/15 11:16:36 [/uverworld/html/admin/index.php] login: user=admin123(2) auth=0 lastlogin=2014-07-15 10:51:08 sid=12114c807fce38034c0a6edb1aecde5e from ::1
2014/07/15 11:16:36 [/uverworld/html/admin/home.php] access : user=admin123 auth=0 sid=12114c807fce38034c0a6edb1aecde5e from ::1
2014/07/15 11:16:44 [/uverworld/html/admin/products/index.php] access : user=admin123 auth=0 sid=12114c807fce38034c0a6edb1aecde5e from ::1
2014/07/16 02:59:59 [/uverworld/html/admin/index.php] access error. from ::1
2014/07/16 02:59:59 [/uverworld/html/admin/index.php] login: user=admin123(2) auth=0 lastlogin=2014-07-15 11:16:36 sid= from ::1
2014/07/16 02:59:59 [/uverworld/html/admin/home.php] access : user=admin123 auth=0 sid=47131a5d57524cb4bb65e6b9491a0d4a from ::1
2014/07/16 03:00:27 [/uverworld/html/admin/basis/payment.php] access : user=admin123 auth=0 sid=47131a5d57524cb4bb65e6b9491a0d4a from ::1
2014/07/16 03:00:37 [/uverworld/html/admin/basis/payment_input.php] access : user=admin123 auth=0 sid=47131a5d57524cb4bb65e6b9491a0d4a from ::1
2014/07/16 03:00:48 [/uverworld/html/admin/basis/payment_input.php] access : user=admin123 auth=0 sid=47131a5d57524cb4bb65e6b9491a0d4a from ::1
2014/07/16 03:00:53 [/uverworld/html/admin/basis/payment_input.php] access : user=admin123 auth=0 sid=47131a5d57524cb4bb65e6b9491a0d4a from ::1
2014/07/16 03:01:00 [/uverworld/html/admin/basis/payment_input.php] access : user=admin123 auth=0 sid=47131a5d57524cb4bb65e6b9491a0d4a from ::1
2014/07/16 03:01:10 [/uverworld/html/admin/basis/tradelaw.php] access : user=admin123 auth=0 sid=47131a5d57524cb4bb65e6b9491a0d4a from ::1
2014/07/16 03:01:28 [/uverworld/html/admin/ownersstore/settings.php] access : user=admin123 auth=0 sid=47131a5d57524cb4bb65e6b9491a0d4a from ::1
2014/07/16 03:01:32 [/uverworld/html/admin/ownersstore/log.php] access : user=admin123 auth=0 sid=47131a5d57524cb4bb65e6b9491a0d4a from ::1
2014/07/16 03:02:05 [/uverworld/html/admin/design/index.php] access : user=admin123 auth=0 sid=47131a5d57524cb4bb65e6b9491a0d4a from ::1
2014/07/16 03:02:18 [/uverworld/html/admin/design/index.php] access : user=admin123 auth=0 sid=47131a5d57524cb4bb65e6b9491a0d4a from ::1
2014/07/16 03:02:18 [/uverworld/html/admin/design/index.php] access : user=admin123 auth=0 sid=47131a5d57524cb4bb65e6b9491a0d4a from ::1
2014/07/16 03:08:53 [/uverworld/html/admin/order/index.php] access : user=admin123 auth=0 sid=47131a5d57524cb4bb65e6b9491a0d4a from ::1
2014/07/16 03:08:57 [/uverworld/html/admin/order/index.php] access : user=admin123 auth=0 sid=47131a5d57524cb4bb65e6b9491a0d4a from ::1
2014/07/16 03:09:08 [/uverworld/html/admin/order/edit.php] access : user=admin123 auth=0 sid=47131a5d57524cb4bb65e6b9491a0d4a from ::1
2014/07/16 03:10:35 [/uverworld/html/admin/customer/edit.php] access : user=admin123 auth=0 sid=47131a5d57524cb4bb65e6b9491a0d4a from ::1
2014/07/16 03:10:45 [/uverworld/html/admin/customer/index.php] access : user=admin123 auth=0 sid=47131a5d57524cb4bb65e6b9491a0d4a from ::1
2014/07/16 03:10:48 [/uverworld/html/admin/customer/index.php] access : user=admin123 auth=0 sid=47131a5d57524cb4bb65e6b9491a0d4a from ::1
2014/07/16 03:11:06 [/uverworld/html/admin/order/edit.php] access : user=admin123 auth=0 sid=47131a5d57524cb4bb65e6b9491a0d4a from ::1
2014/07/16 03:11:18 [/uverworld/html/admin/total/index.php] access : user=admin123 auth=0 sid=47131a5d57524cb4bb65e6b9491a0d4a from ::1
2014/07/16 03:11:20 [/uverworld/html/admin/total/index.php] access : user=admin123 auth=0 sid=47131a5d57524cb4bb65e6b9491a0d4a from ::1
2014/07/16 03:11:22 [/uverworld/html/admin/total/index.php] access : user=admin123 auth=0 sid=47131a5d57524cb4bb65e6b9491a0d4a from ::1
2014/07/16 03:11:24 [/uverworld/html/admin/total/index.php] access : user=admin123 auth=0 sid=47131a5d57524cb4bb65e6b9491a0d4a from ::1
2014/07/16 03:32:54 [/uverworld/html/admin/ownersstore/index.php] access : user=admin123 auth=0 sid=47131a5d57524cb4bb65e6b9491a0d4a from ::1
2014/07/16 03:33:57 [/uverworld/html/admin/ownersstore/index.php] access : user=admin123 auth=0 sid=47131a5d57524cb4bb65e6b9491a0d4a from ::1
2014/07/16 03:33:57 [/uverworld/html/admin/ownersstore/index.php] PayPalExpressCheckout_1.0.1.tar.gz -> /Applications/MAMP/htdocs/uverworld/html/upload/temp_plugin/PayPalExpressCheckout_1.0.1.tar.gz from ::1
2014/07/16 03:33:57 [/uverworld/html/admin/ownersstore/index.php] Decompression:/Applications/MAMP/htdocs/uverworld/html/../data/downloads/tmp/plugin_install/PayPalExpressCheckout_1.0.1.tar.gz->/Applications/MAMP/htdocs/uverworld/html/../data/downloads/tmp/plugin_install/PayPalExpressCheckout_1.0.1 from ::1
2014/07/16 03:35:31 [/uverworld/html/admin/ownersstore/index.php] access : user=admin123 auth=0 sid=47131a5d57524cb4bb65e6b9491a0d4a from ::1
2014/07/16 03:35:31 [/uverworld/html/admin/ownersstore/index.php] PayPalExpressCheckout_1.0.1.tar.gz -> /Applications/MAMP/htdocs/uverworld/html/upload/temp_plugin/PayPalExpressCheckout_1.0.1.tar.gz from ::1
2014/07/16 03:35:31 [/uverworld/html/admin/ownersstore/index.php] Decompression:/Applications/MAMP/htdocs/uverworld/html/../data/downloads/tmp/plugin_install/PayPalExpressCheckout_1.0.1.tar.gz->/Applications/MAMP/htdocs/uverworld/html/../data/downloads/tmp/plugin_install/PayPalExpressCheckout_1.0.1 from ::1
2014/07/16 03:35:39 [/uverworld/html/admin/ownersstore/module.php] access : user=admin123 auth=0 sid=47131a5d57524cb4bb65e6b9491a0d4a from ::1
2014/07/16 03:35:44 [/uverworld/html/admin/ownersstore/index.php] access : user=admin123 auth=0 sid=47131a5d57524cb4bb65e6b9491a0d4a from ::1
2014/07/16 03:36:40 [/uverworld/html/admin/ownersstore/index.php] access : user=admin123 auth=0 sid=47131a5d57524cb4bb65e6b9491a0d4a from ::1
2014/07/16 03:36:40 [/uverworld/html/admin/ownersstore/index.php] PayPalExpressCheckout_1.0.1.tar.gz -> /Applications/MAMP/htdocs/uverworld/html/upload/temp_plugin/PayPalExpressCheckout_1.0.1.tar.gz from ::1
2014/07/16 03:36:40 [/uverworld/html/admin/ownersstore/index.php] Decompression:/Applications/MAMP/htdocs/uverworld/html/../data/downloads/tmp/plugin_install/PayPalExpressCheckout_1.0.1.tar.gz->/Applications/MAMP/htdocs/uverworld/html/../data/downloads/tmp/plugin_install/PayPalExpressCheckout_1.0.1 from ::1
2014/07/16 03:37:08 [/uverworld/html/admin/ownersstore/index.php] access : user=admin123 auth=0 sid=47131a5d57524cb4bb65e6b9491a0d4a from ::1
2014/07/16 03:37:46 [/uverworld/html/admin/ownersstore/index.php] access : user=admin123 auth=0 sid=47131a5d57524cb4bb65e6b9491a0d4a from ::1
2014/07/16 03:37:46 [/uverworld/html/admin/ownersstore/index.php] AlliexPayment_v1.2.2.tar.gz -> /Applications/MAMP/htdocs/uverworld/html/upload/temp_plugin/AlliexPayment_v1.2.2.tar.gz from ::1
2014/07/16 03:37:46 [/uverworld/html/admin/ownersstore/index.php] Decompression:/Applications/MAMP/htdocs/uverworld/html/../data/downloads/tmp/plugin_install/AlliexPayment_v1.2.2.tar.gz->/Applications/MAMP/htdocs/uverworld/html/../data/downloads/tmp/plugin_install/AlliexPayment_v1.2.2 from ::1
2014/07/16 03:37:58 [/uverworld/html/admin/ownersstore/log.php] access : user=admin123 auth=0 sid=47131a5d57524cb4bb65e6b9491a0d4a from ::1
2014/07/16 03:38:01 [/uverworld/html/admin/ownersstore/index.php] access : user=admin123 auth=0 sid=47131a5d57524cb4bb65e6b9491a0d4a from ::1
2014/07/16 03:38:09 [/uverworld/html/admin/ownersstore/settings.php] access : user=admin123 auth=0 sid=47131a5d57524cb4bb65e6b9491a0d4a from ::1
2014/07/16 03:38:14 [/uverworld/html/admin/ownersstore/log.php] access : user=admin123 auth=0 sid=47131a5d57524cb4bb65e6b9491a0d4a from ::1
2014/07/16 03:38:16 [/uverworld/html/admin/ownersstore/index.php] access : user=admin123 auth=0 sid=47131a5d57524cb4bb65e6b9491a0d4a from ::1
2014/07/16 03:43:27 [/uverworld/html/admin/ownersstore/index.php] access : user=admin123 auth=0 sid=47131a5d57524cb4bb65e6b9491a0d4a from ::1
2014/07/16 03:43:42 [/uverworld/html/admin/ownersstore/index.php] access : user=admin123 auth=0 sid=47131a5d57524cb4bb65e6b9491a0d4a from ::1
2014/07/16 03:43:42 [/uverworld/html/admin/ownersstore/index.php] AlliexPayment_v1.2.2.tar.gz -> /Applications/MAMP/htdocs/uverworld/html/upload/temp_plugin/AlliexPayment_v1.2.2.tar.gz from ::1
2014/07/16 03:43:42 [/uverworld/html/admin/ownersstore/index.php] Decompression:/Applications/MAMP/htdocs/uverworld/html/../data/downloads/tmp/plugin_install/AlliexPayment_v1.2.2.tar.gz->/Applications/MAMP/htdocs/uverworld/html/../data/downloads/tmp/plugin_install/AlliexPayment_v1.2.2 from ::1
2014/07/16 03:50:54 [/uverworld/html/admin/products/index.php] access : user=admin123 auth=0 sid=47131a5d57524cb4bb65e6b9491a0d4a from ::1
2014/07/16 03:50:57 [/uverworld/html/admin/products/index.php] access : user=admin123 auth=0 sid=47131a5d57524cb4bb65e6b9491a0d4a from ::1
2014/07/16 03:51:43 [/uverworld/html/admin/products/category.php] access : user=admin123 auth=0 sid=47131a5d57524cb4bb65e6b9491a0d4a from ::1
2014/07/16 03:51:45 [/uverworld/html/admin/products/category.php] access : user=admin123 auth=0 sid=47131a5d57524cb4bb65e6b9491a0d4a from ::1
2014/07/16 03:51:59 [/uverworld/html/admin/products/category.php] access : user=admin123 auth=0 sid=47131a5d57524cb4bb65e6b9491a0d4a from ::1
2014/07/16 03:52:04 [/uverworld/html/admin/products/category.php] access : user=admin123 auth=0 sid=47131a5d57524cb4bb65e6b9491a0d4a from ::1
2014/07/16 03:52:06 [/uverworld/html/admin/products/category.php] access : user=admin123 auth=0 sid=47131a5d57524cb4bb65e6b9491a0d4a from ::1
2014/07/16 03:52:08 [/uverworld/html/admin/products/category.php] access : user=admin123 auth=0 sid=47131a5d57524cb4bb65e6b9491a0d4a from ::1
2014/07/16 03:52:14 [/uverworld/html/admin/products/category.php] access : user=admin123 auth=0 sid=47131a5d57524cb4bb65e6b9491a0d4a from ::1
2014/07/16 03:52:26 [/uverworld/html/admin/products/index.php] access : user=admin123 auth=0 sid=47131a5d57524cb4bb65e6b9491a0d4a from ::1
2014/07/16 03:52:32 [/uverworld/html/admin/products/index.php] access : user=admin123 auth=0 sid=47131a5d57524cb4bb65e6b9491a0d4a from ::1
2014/07/16 03:53:29 [/uverworld/html/admin/products/index.php] access : user=admin123 auth=0 sid=47131a5d57524cb4bb65e6b9491a0d4a from ::1
2014/07/16 03:53:32 [/uverworld/html/admin/products/product.php] access : user=admin123 auth=0 sid=47131a5d57524cb4bb65e6b9491a0d4a from ::1
2014/07/16 04:06:12 [/uverworld/html/admin/products/product.php] access : user=admin123 auth=0 sid=47131a5d57524cb4bb65e6b9491a0d4a from ::1
2014/07/16 04:07:04 [/uverworld/html/admin/products/product.php] access : user=admin123 auth=0 sid=47131a5d57524cb4bb65e6b9491a0d4a from ::1
2014/07/16 04:07:18 [/uverworld/html/admin/products/product.php] access : user=admin123 auth=0 sid=47131a5d57524cb4bb65e6b9491a0d4a from ::1
2014/07/16 04:07:24 [/uverworld/html/admin/products/product_class.php] access : user=admin123 auth=0 sid=47131a5d57524cb4bb65e6b9491a0d4a from ::1
2014/07/16 04:07:36 [/uverworld/html/admin/products/product_class.php] access : user=admin123 auth=0 sid=47131a5d57524cb4bb65e6b9491a0d4a from ::1
2014/07/16 04:07:48 [/uverworld/html/admin/products/product_class.php] access : user=admin123 auth=0 sid=47131a5d57524cb4bb65e6b9491a0d4a from ::1
2014/07/16 04:07:57 [/uverworld/html/admin/products/product_class.php] access : user=admin123 auth=0 sid=47131a5d57524cb4bb65e6b9491a0d4a from ::1
2014/07/16 04:08:03 [/uverworld/html/admin/products/product_class.php] access : user=admin123 auth=0 sid=47131a5d57524cb4bb65e6b9491a0d4a from ::1
2014/07/16 04:08:06 [/uverworld/html/admin/products/product_class.php] access : user=admin123 auth=0 sid=47131a5d57524cb4bb65e6b9491a0d4a from ::1
2014/07/16 04:08:09 [/uverworld/html/admin/products/product.php] access : user=admin123 auth=0 sid=47131a5d57524cb4bb65e6b9491a0d4a from ::1
2014/07/16 04:08:49 [/uverworld/html/admin/products/index.php] access : user=admin123 auth=0 sid=47131a5d57524cb4bb65e6b9491a0d4a from ::1
2014/07/16 04:08:50 [/uverworld/html/admin/products/index.php] access : user=admin123 auth=0 sid=47131a5d57524cb4bb65e6b9491a0d4a from ::1
2014/07/16 04:08:55 [/uverworld/html/admin/products/product.php] access : user=admin123 auth=0 sid=47131a5d57524cb4bb65e6b9491a0d4a from ::1
2014/07/16 04:09:06 [/uverworld/html/admin/products/product.php] access : user=admin123 auth=0 sid=47131a5d57524cb4bb65e6b9491a0d4a from ::1
2014/07/16 04:09:15 [/uverworld/html/admin/products/product.php] access : user=admin123 auth=0 sid=47131a5d57524cb4bb65e6b9491a0d4a from ::1
2014/07/16 04:09:24 [/uverworld/html/admin/products/product.php] access : user=admin123 auth=0 sid=47131a5d57524cb4bb65e6b9491a0d4a from ::1
2014/07/16 04:09:32 [/uverworld/html/admin/products/product.php] access : user=admin123 auth=0 sid=47131a5d57524cb4bb65e6b9491a0d4a from ::1
2014/07/16 04:09:35 [/uverworld/html/admin/products/product.php] access : user=admin123 auth=0 sid=47131a5d57524cb4bb65e6b9491a0d4a from ::1
2014/07/16 04:09:38 [/uverworld/html/admin/products/product.php] access : user=admin123 auth=0 sid=47131a5d57524cb4bb65e6b9491a0d4a from ::1
2014/07/16 04:09:41 [/uverworld/html/admin/products/product_class.php] access : user=admin123 auth=0 sid=47131a5d57524cb4bb65e6b9491a0d4a from ::1
2014/07/16 04:09:44 [/uverworld/html/admin/products/product_class.php] access : user=admin123 auth=0 sid=47131a5d57524cb4bb65e6b9491a0d4a from ::1
2014/07/16 04:09:47 [/uverworld/html/admin/products/product_class.php] access : user=admin123 auth=0 sid=47131a5d57524cb4bb65e6b9491a0d4a from ::1
2014/07/16 04:09:49 [/uverworld/html/admin/products/index.php] access : user=admin123 auth=0 sid=47131a5d57524cb4bb65e6b9491a0d4a from ::1
2014/07/16 04:18:42 [/uverworld/html/admin/products/class.php] access : user=admin123 auth=0 sid=47131a5d57524cb4bb65e6b9491a0d4a from ::1
2014/07/16 04:18:52 [/uverworld/html/admin/products/classcategory.php] access : user=admin123 auth=0 sid=47131a5d57524cb4bb65e6b9491a0d4a from ::1
2014/07/16 04:19:02 [/uverworld/html/admin/products/category.php] access : user=admin123 auth=0 sid=47131a5d57524cb4bb65e6b9491a0d4a from ::1
2014/07/16 04:19:05 [/uverworld/html/admin/products/category.php] access : user=admin123 auth=0 sid=47131a5d57524cb4bb65e6b9491a0d4a from ::1
2014/07/16 04:19:06 [/uverworld/html/admin/products/category.php] access : user=admin123 auth=0 sid=47131a5d57524cb4bb65e6b9491a0d4a from ::1
2014/07/16 04:19:12 [/uverworld/html/admin/products/category.php] access : user=admin123 auth=0 sid=47131a5d57524cb4bb65e6b9491a0d4a from ::1
2014/07/16 04:19:15 [/uverworld/html/admin/products/category.php] access : user=admin123 auth=0 sid=47131a5d57524cb4bb65e6b9491a0d4a from ::1
2014/07/16 04:19:17 [/uverworld/html/admin/products/category.php] access : user=admin123 auth=0 sid=47131a5d57524cb4bb65e6b9491a0d4a from ::1
2014/07/16 04:19:18 [/uverworld/html/admin/products/category.php] access : user=admin123 auth=0 sid=47131a5d57524cb4bb65e6b9491a0d4a from ::1
2014/07/16 04:19:26 [/uverworld/html/admin/products/class.php] access : user=admin123 auth=0 sid=47131a5d57524cb4bb65e6b9491a0d4a from ::1
2014/07/16 04:19:46 [/uverworld/html/admin/products/class.php] access : user=admin123 auth=0 sid=47131a5d57524cb4bb65e6b9491a0d4a from ::1
2014/07/16 04:19:50 [/uverworld/html/admin/products/classcategory.php] access : user=admin123 auth=0 sid=47131a5d57524cb4bb65e6b9491a0d4a from ::1
2014/07/16 04:19:59 [/uverworld/html/admin/products/classcategory.php] access : user=admin123 auth=0 sid=47131a5d57524cb4bb65e6b9491a0d4a from ::1
2014/07/16 04:19:59 [/uverworld/html/admin/products/classcategory.php] access : user=admin123 auth=0 sid=47131a5d57524cb4bb65e6b9491a0d4a from ::1
2014/07/16 04:20:02 [/uverworld/html/admin/products/classcategory.php] access : user=admin123 auth=0 sid=47131a5d57524cb4bb65e6b9491a0d4a from ::1
2014/07/16 04:20:02 [/uverworld/html/admin/products/classcategory.php] access : user=admin123 auth=0 sid=47131a5d57524cb4bb65e6b9491a0d4a from ::1
2014/07/16 04:20:06 [/uverworld/html/admin/products/classcategory.php] access : user=admin123 auth=0 sid=47131a5d57524cb4bb65e6b9491a0d4a from ::1
2014/07/16 04:20:06 [/uverworld/html/admin/products/classcategory.php] access : user=admin123 auth=0 sid=47131a5d57524cb4bb65e6b9491a0d4a from ::1
2014/07/16 04:20:09 [/uverworld/html/admin/products/classcategory.php] access : user=admin123 auth=0 sid=47131a5d57524cb4bb65e6b9491a0d4a from ::1
2014/07/16 04:20:09 [/uverworld/html/admin/products/classcategory.php] access : user=admin123 auth=0 sid=47131a5d57524cb4bb65e6b9491a0d4a from ::1
2014/07/16 04:20:10 [/uverworld/html/admin/products/classcategory.php] access : user=admin123 auth=0 sid=47131a5d57524cb4bb65e6b9491a0d4a from ::1
2014/07/16 04:20:10 [/uverworld/html/admin/products/classcategory.php] access : user=admin123 auth=0 sid=47131a5d57524cb4bb65e6b9491a0d4a from ::1
2014/07/16 04:20:12 [/uverworld/html/admin/products/classcategory.php] access : user=admin123 auth=0 sid=47131a5d57524cb4bb65e6b9491a0d4a from ::1
2014/07/16 04:20:12 [/uverworld/html/admin/products/classcategory.php] access : user=admin123 auth=0 sid=47131a5d57524cb4bb65e6b9491a0d4a from ::1
2014/07/16 04:20:16 [/uverworld/html/admin/products/classcategory.php] access : user=admin123 auth=0 sid=47131a5d57524cb4bb65e6b9491a0d4a from ::1
2014/07/16 04:20:16 [/uverworld/html/admin/products/classcategory.php] access : user=admin123 auth=0 sid=47131a5d57524cb4bb65e6b9491a0d4a from ::1
2014/07/16 04:20:19 [/uverworld/html/admin/products/classcategory.php] access : user=admin123 auth=0 sid=47131a5d57524cb4bb65e6b9491a0d4a from ::1
2014/07/16 04:20:19 [/uverworld/html/admin/products/classcategory.php] access : user=admin123 auth=0 sid=47131a5d57524cb4bb65e6b9491a0d4a from ::1
2014/07/16 04:20:21 [/uverworld/html/admin/products/classcategory.php] access : user=admin123 auth=0 sid=47131a5d57524cb4bb65e6b9491a0d4a from ::1
2014/07/16 04:20:22 [/uverworld/html/admin/products/classcategory.php] access : user=admin123 auth=0 sid=47131a5d57524cb4bb65e6b9491a0d4a from ::1
2014/07/16 04:20:25 [/uverworld/html/admin/products/classcategory.php] access : user=admin123 auth=0 sid=47131a5d57524cb4bb65e6b9491a0d4a from ::1
2014/07/16 04:20:25 [/uverworld/html/admin/products/classcategory.php] access : user=admin123 auth=0 sid=47131a5d57524cb4bb65e6b9491a0d4a from ::1
2014/07/16 04:20:27 [/uverworld/html/admin/products/classcategory.php] access : user=admin123 auth=0 sid=47131a5d57524cb4bb65e6b9491a0d4a from ::1
2014/07/16 04:20:27 [/uverworld/html/admin/products/classcategory.php] access : user=admin123 auth=0 sid=47131a5d57524cb4bb65e6b9491a0d4a from ::1
2014/07/16 04:20:31 [/uverworld/html/admin/products/classcategory.php] access : user=admin123 auth=0 sid=47131a5d57524cb4bb65e6b9491a0d4a from ::1
2014/07/16 04:20:31 [/uverworld/html/admin/products/classcategory.php] access : user=admin123 auth=0 sid=47131a5d57524cb4bb65e6b9491a0d4a from ::1
2014/07/16 04:20:32 [/uverworld/html/admin/products/classcategory.php] access : user=admin123 auth=0 sid=47131a5d57524cb4bb65e6b9491a0d4a from ::1
2014/07/16 04:20:32 [/uverworld/html/admin/products/classcategory.php] access : user=admin123 auth=0 sid=47131a5d57524cb4bb65e6b9491a0d4a from ::1
2014/07/16 04:20:34 [/uverworld/html/admin/products/classcategory.php] access : user=admin123 auth=0 sid=47131a5d57524cb4bb65e6b9491a0d4a from ::1
2014/07/16 04:20:34 [/uverworld/html/admin/products/classcategory.php] access : user=admin123 auth=0 sid=47131a5d57524cb4bb65e6b9491a0d4a from ::1
2014/07/16 04:20:38 [/uverworld/html/admin/products/classcategory.php] access : user=admin123 auth=0 sid=47131a5d57524cb4bb65e6b9491a0d4a from ::1
2014/07/16 04:20:39 [/uverworld/html/admin/products/classcategory.php] access : user=admin123 auth=0 sid=47131a5d57524cb4bb65e6b9491a0d4a from ::1
2014/07/16 04:20:40 [/uverworld/html/admin/products/classcategory.php] access : user=admin123 auth=0 sid=47131a5d57524cb4bb65e6b9491a0d4a from ::1
2014/07/16 04:20:40 [/uverworld/html/admin/products/classcategory.php] access : user=admin123 auth=0 sid=47131a5d57524cb4bb65e6b9491a0d4a from ::1
2014/07/16 04:20:48 [/uverworld/html/admin/products/classcategory.php] access : user=admin123 auth=0 sid=47131a5d57524cb4bb65e6b9491a0d4a from ::1
2014/07/16 04:20:48 [/uverworld/html/admin/products/classcategory.php] access : user=admin123 auth=0 sid=47131a5d57524cb4bb65e6b9491a0d4a from ::1
2014/07/16 04:21:09 [/uverworld/html/admin/products/class.php] access : user=admin123 auth=0 sid=47131a5d57524cb4bb65e6b9491a0d4a from ::1
2014/07/16 04:21:14 [/uverworld/html/admin/products/class.php] access : user=admin123 auth=0 sid=47131a5d57524cb4bb65e6b9491a0d4a from ::1
2014/07/16 04:21:14 [/uverworld/html/admin/products/class.php] access : user=admin123 auth=0 sid=47131a5d57524cb4bb65e6b9491a0d4a from ::1
2014/07/16 04:21:17 [/uverworld/html/admin/products/class.php] access : user=admin123 auth=0 sid=47131a5d57524cb4bb65e6b9491a0d4a from ::1
2014/07/16 04:21:19 [/uverworld/html/admin/products/classcategory.php] access : user=admin123 auth=0 sid=47131a5d57524cb4bb65e6b9491a0d4a from ::1
2014/07/16 04:21:25 [/uverworld/html/admin/products/classcategory.php] access : user=admin123 auth=0 sid=47131a5d57524cb4bb65e6b9491a0d4a from ::1
2014/07/16 04:21:25 [/uverworld/html/admin/products/classcategory.php] access : user=admin123 auth=0 sid=47131a5d57524cb4bb65e6b9491a0d4a from ::1
2014/07/16 04:21:29 [/uverworld/html/admin/products/classcategory.php] access : user=admin123 auth=0 sid=47131a5d57524cb4bb65e6b9491a0d4a from ::1
2014/07/16 04:21:29 [/uverworld/html/admin/products/classcategory.php] access : user=admin123 auth=0 sid=47131a5d57524cb4bb65e6b9491a0d4a from ::1
2014/07/16 04:21:45 [/uverworld/html/admin/products/classcategory.php] access : user=admin123 auth=0 sid=47131a5d57524cb4bb65e6b9491a0d4a from ::1
2014/07/16 04:21:45 [/uverworld/html/admin/products/classcategory.php] access : user=admin123 auth=0 sid=47131a5d57524cb4bb65e6b9491a0d4a from ::1
2014/07/16 04:21:54 [/uverworld/html/admin/products/category.php] access : user=admin123 auth=0 sid=47131a5d57524cb4bb65e6b9491a0d4a from ::1
2014/07/16 04:38:06 [/uverworld/html/admin/products/maker.php] access : user=admin123 auth=0 sid=47131a5d57524cb4bb65e6b9491a0d4a from ::1
2014/07/16 04:38:11 [/uverworld/html/admin/products/maker.php] access : user=admin123 auth=0 sid=47131a5d57524cb4bb65e6b9491a0d4a from ::1
2014/07/16 04:38:11 [/uverworld/html/admin/products/maker.php] access : user=admin123 auth=0 sid=47131a5d57524cb4bb65e6b9491a0d4a from ::1
2014/07/16 04:38:14 [/uverworld/html/admin/products/maker.php] access : user=admin123 auth=0 sid=47131a5d57524cb4bb65e6b9491a0d4a from ::1
2014/07/16 04:38:18 [/uverworld/html/admin/products/maker.php] access : user=admin123 auth=0 sid=47131a5d57524cb4bb65e6b9491a0d4a from ::1
2014/07/16 04:38:18 [/uverworld/html/admin/products/maker.php] access : user=admin123 auth=0 sid=47131a5d57524cb4bb65e6b9491a0d4a from ::1
2014/07/16 04:38:30 [/uverworld/html/admin/products/maker.php] access : user=admin123 auth=0 sid=47131a5d57524cb4bb65e6b9491a0d4a from ::1
2014/07/16 04:38:32 [/uverworld/html/admin/products/maker.php] access : user=admin123 auth=0 sid=47131a5d57524cb4bb65e6b9491a0d4a from ::1
2014/07/16 04:38:32 [/uverworld/html/admin/products/maker.php] access : user=admin123 auth=0 sid=47131a5d57524cb4bb65e6b9491a0d4a from ::1
2014/07/16 04:40:15 [/uverworld/html/admin/products/product_rank.php] access : user=admin123 auth=0 sid=47131a5d57524cb4bb65e6b9491a0d4a from ::1
2014/07/16 04:40:16 [/uverworld/html/admin/products/product_rank.php] access : user=admin123 auth=0 sid=47131a5d57524cb4bb65e6b9491a0d4a from ::1
2014/07/16 04:40:18 [/uverworld/html/admin/products/product_rank.php] access : user=admin123 auth=0 sid=47131a5d57524cb4bb65e6b9491a0d4a from ::1
2014/07/16 04:40:40 [/uverworld/html/admin/products/review.php] access : user=admin123 auth=0 sid=47131a5d57524cb4bb65e6b9491a0d4a from ::1
2014/07/16 04:40:43 [/uverworld/html/admin/products/review.php] access : user=admin123 auth=0 sid=47131a5d57524cb4bb65e6b9491a0d4a from ::1
2014/07/16 04:40:45 [/uverworld/html/admin/products/review.php] access : user=admin123 auth=0 sid=47131a5d57524cb4bb65e6b9491a0d4a from ::1
2014/07/16 04:43:01 [/uverworld/html/admin/products/product_rank.php] access : user=admin123 auth=0 sid=47131a5d57524cb4bb65e6b9491a0d4a from ::1
2014/07/16 04:43:04 [/uverworld/html/admin/products/review.php] access : user=admin123 auth=0 sid=47131a5d57524cb4bb65e6b9491a0d4a from ::1
2014/07/16 04:43:05 [/uverworld/html/admin/products/review.php] access : user=admin123 auth=0 sid=47131a5d57524cb4bb65e6b9491a0d4a from ::1
2014/07/16 04:43:12 [/uverworld/html/admin/products/review_edit.php] access : user=admin123 auth=0 sid=47131a5d57524cb4bb65e6b9491a0d4a from ::1
2014/07/16 04:43:16 [/uverworld/html/admin/products/review_edit.php] access : user=admin123 auth=0 sid=47131a5d57524cb4bb65e6b9491a0d4a from ::1
2014/07/16 04:43:47 [/uverworld/html/admin/order/index.php] access : user=admin123 auth=0 sid=47131a5d57524cb4bb65e6b9491a0d4a from ::1
2014/07/16 04:45:42 [/uverworld/html/admin/order/index.php] access : user=admin123 auth=0 sid=47131a5d57524cb4bb65e6b9491a0d4a from ::1
2014/07/16 04:45:55 [/uverworld/html/admin/order/edit.php] access : user=admin123 auth=0 sid=47131a5d57524cb4bb65e6b9491a0d4a from ::1
2014/07/16 04:46:31 [/uverworld/html/admin/order/edit.php] access : user=admin123 auth=0 sid=47131a5d57524cb4bb65e6b9491a0d4a from ::1
2014/07/16 04:46:50 [/uverworld/html/admin/order/index.php] access : user=admin123 auth=0 sid=47131a5d57524cb4bb65e6b9491a0d4a from ::1
2014/07/16 04:47:17 [/uverworld/html/admin/order/index.php] access : user=admin123 auth=0 sid=47131a5d57524cb4bb65e6b9491a0d4a from ::1
2014/07/16 04:47:53 [/uverworld/html/admin/order/pdf.php] access : user=admin123 auth=0 sid=47131a5d57524cb4bb65e6b9491a0d4a from ::1
2014/07/16 04:48:07 [/uverworld/html/admin/order/pdf.php] access : user=admin123 auth=0 sid=47131a5d57524cb4bb65e6b9491a0d4a from ::1
2014/07/16 04:54:48 [/uverworld/html/admin/order/edit.php] access : user=admin123 auth=0 sid=47131a5d57524cb4bb65e6b9491a0d4a from ::1
2014/07/16 04:55:14 [/uverworld/html/admin/order/edit.php] access : user=admin123 auth=0 sid=47131a5d57524cb4bb65e6b9491a0d4a from ::1
2014/07/16 04:55:53 [/uverworld/html/admin/order/edit.php] access : user=admin123 auth=0 sid=47131a5d57524cb4bb65e6b9491a0d4a from ::1
2014/07/16 04:56:02 [/uverworld/html/admin/order/index.php] access : user=admin123 auth=0 sid=47131a5d57524cb4bb65e6b9491a0d4a from ::1
2014/07/16 04:56:04 [/uverworld/html/admin/order/index.php] access : user=admin123 auth=0 sid=47131a5d57524cb4bb65e6b9491a0d4a from ::1
2014/07/16 04:56:08 [/uverworld/html/admin/order/mail.php] access : user=admin123 auth=0 sid=47131a5d57524cb4bb65e6b9491a0d4a from ::1
2014/07/16 04:56:30 [/uverworld/html/admin/order/mail.php] access : user=admin123 auth=0 sid=47131a5d57524cb4bb65e6b9491a0d4a from ::1
2014/07/16 04:56:50 [/uverworld/html/admin/order/mail.php] access : user=admin123 auth=0 sid=47131a5d57524cb4bb65e6b9491a0d4a from ::1
2014/07/16 04:57:03 [/uverworld/html/admin/order/mail.php] access : user=admin123 auth=0 sid=47131a5d57524cb4bb65e6b9491a0d4a from ::1
2014/07/16 04:57:04 [/uverworld/html/admin/order/index.php] access : user=admin123 auth=0 sid=47131a5d57524cb4bb65e6b9491a0d4a from ::1
2014/07/16 04:59:52 [/uverworld/html/admin/order/status.php] access : user=admin123 auth=0 sid=47131a5d57524cb4bb65e6b9491a0d4a from ::1
2014/07/16 05:00:01 [/uverworld/html/admin/order/status.php] access : user=admin123 auth=0 sid=47131a5d57524cb4bb65e6b9491a0d4a from ::1
2014/07/16 05:00:04 [/uverworld/html/admin/order/status.php] access : user=admin123 auth=0 sid=47131a5d57524cb4bb65e6b9491a0d4a from ::1
2014/07/16 05:00:06 [/uverworld/html/admin/order/status.php] access : user=admin123 auth=0 sid=47131a5d57524cb4bb65e6b9491a0d4a from ::1
2014/07/16 05:00:07 [/uverworld/html/admin/order/status.php] access : user=admin123 auth=0 sid=47131a5d57524cb4bb65e6b9491a0d4a from ::1
2014/07/16 05:00:08 [/uverworld/html/admin/order/status.php] access : user=admin123 auth=0 sid=47131a5d57524cb4bb65e6b9491a0d4a from ::1
2014/07/16 05:00:08 [/uverworld/html/admin/order/status.php] access : user=admin123 auth=0 sid=47131a5d57524cb4bb65e6b9491a0d4a from ::1
2014/07/16 05:00:10 [/uverworld/html/admin/order/status.php] access : user=admin123 auth=0 sid=47131a5d57524cb4bb65e6b9491a0d4a from ::1
2014/07/16 05:00:11 [/uverworld/html/admin/order/status.php] access : user=admin123 auth=0 sid=47131a5d57524cb4bb65e6b9491a0d4a from ::1
2014/07/16 05:00:12 [/uverworld/html/admin/order/status.php] access : user=admin123 auth=0 sid=47131a5d57524cb4bb65e6b9491a0d4a from ::1
2014/07/16 05:00:36 [/uverworld/html/admin/order/status.php] access : user=admin123 auth=0 sid=47131a5d57524cb4bb65e6b9491a0d4a from ::1
2014/07/16 05:00:40 [/uverworld/html/admin/order/status.php] access : user=admin123 auth=0 sid=47131a5d57524cb4bb65e6b9491a0d4a from ::1
2014/07/16 05:01:04 [/uverworld/html/admin/order/status.php] access : user=admin123 auth=0 sid=47131a5d57524cb4bb65e6b9491a0d4a from ::1
2014/07/16 05:01:06 [/uverworld/html/admin/order/status.php] access : user=admin123 auth=0 sid=47131a5d57524cb4bb65e6b9491a0d4a from ::1
2014/07/16 05:01:56 [/uverworld/html/admin/order/status.php] access : user=admin123 auth=0 sid=47131a5d57524cb4bb65e6b9491a0d4a from ::1
2014/07/16 05:01:58 [/uverworld/html/admin/order/status.php] access : user=admin123 auth=0 sid=47131a5d57524cb4bb65e6b9491a0d4a from ::1
2014/07/16 05:02:06 [/uverworld/html/admin/order/status.php] access : user=admin123 auth=0 sid=47131a5d57524cb4bb65e6b9491a0d4a from ::1
2014/07/16 05:02:10 [/uverworld/html/admin/order/status.php] access : user=admin123 auth=0 sid=47131a5d57524cb4bb65e6b9491a0d4a from ::1
2014/07/16 05:02:17 [/uverworld/html/admin/order/status.php] access : user=admin123 auth=0 sid=47131a5d57524cb4bb65e6b9491a0d4a from ::1
2014/07/16 05:02:20 [/uverworld/html/admin/order/status.php] access : user=admin123 auth=0 sid=47131a5d57524cb4bb65e6b9491a0d4a from ::1
2014/07/16 06:55:48 [/uverworld/html/admin/total/index.php] access : user=admin123 auth=0 sid=47131a5d57524cb4bb65e6b9491a0d4a from ::1
2014/07/16 06:56:07 [/uverworld/html/admin/total/index.php] access : user=admin123 auth=0 sid=47131a5d57524cb4bb65e6b9491a0d4a from ::1
2014/07/16 06:56:08 [/uverworld/html/admin/total/index.php] access : user=admin123 auth=0 sid=47131a5d57524cb4bb65e6b9491a0d4a from ::1
2014/07/16 06:56:27 [/uverworld/html/admin/total/index.php] access : user=admin123 auth=0 sid=47131a5d57524cb4bb65e6b9491a0d4a from ::1
2014/07/16 06:56:30 [/uverworld/html/admin/total/index.php] access : user=admin123 auth=0 sid=47131a5d57524cb4bb65e6b9491a0d4a from ::1
2014/07/16 06:56:30 [/uverworld/html/admin/total/index.php] access : user=admin123 auth=0 sid=47131a5d57524cb4bb65e6b9491a0d4a from ::1
2014/07/16 06:58:59 [/uverworld/html/admin/total/index.php] access : user=admin123 auth=0 sid=47131a5d57524cb4bb65e6b9491a0d4a from ::1
2014/07/16 06:59:01 [/uverworld/html/admin/total/index.php] access : user=admin123 auth=0 sid=47131a5d57524cb4bb65e6b9491a0d4a from ::1
2014/07/16 06:59:01 [/uverworld/html/admin/total/index.php] access : user=admin123 auth=0 sid=47131a5d57524cb4bb65e6b9491a0d4a from ::1
2014/07/16 06:59:08 [/uverworld/html/admin/total/index.php] access : user=admin123 auth=0 sid=47131a5d57524cb4bb65e6b9491a0d4a from ::1
2014/07/16 07:03:32 [/uverworld/html/admin/total/index.php] access : user=admin123 auth=0 sid=47131a5d57524cb4bb65e6b9491a0d4a from ::1
2014/07/16 07:03:34 [/uverworld/html/admin/total/index.php] access : user=admin123 auth=0 sid=47131a5d57524cb4bb65e6b9491a0d4a from ::1
2014/07/16 07:03:34 [/uverworld/html/admin/total/index.php] access : user=admin123 auth=0 sid=47131a5d57524cb4bb65e6b9491a0d4a from ::1
2014/07/16 07:03:39 [/uverworld/html/admin/total/index.php] access : user=admin123 auth=0 sid=47131a5d57524cb4bb65e6b9491a0d4a from ::1
2014/07/16 07:03:40 [/uverworld/html/admin/total/index.php] access : user=admin123 auth=0 sid=47131a5d57524cb4bb65e6b9491a0d4a from ::1
2014/07/16 07:03:40 [/uverworld/html/admin/total/index.php] access : user=admin123 auth=0 sid=47131a5d57524cb4bb65e6b9491a0d4a from ::1
2014/07/16 07:03:50 [/uverworld/html/admin/mail/index.php] access : user=admin123 auth=0 sid=47131a5d57524cb4bb65e6b9491a0d4a from ::1
2014/07/16 07:03:54 [/uverworld/html/admin/mail/template.php] access : user=admin123 auth=0 sid=47131a5d57524cb4bb65e6b9491a0d4a from ::1
2014/07/16 07:03:57 [/uverworld/html/admin/contents/index.php] access : user=admin123 auth=0 sid=47131a5d57524cb4bb65e6b9491a0d4a from ::1
2014/07/16 07:04:02 [/uverworld/html/admin/mail/index.php] access : user=admin123 auth=0 sid=47131a5d57524cb4bb65e6b9491a0d4a from ::1
2014/07/16 07:07:41 [/uverworld/html/admin/total/index.php] access : user=admin123 auth=0 sid=47131a5d57524cb4bb65e6b9491a0d4a from ::1
2014/07/16 07:07:43 [/uverworld/html/admin/total/index.php] access : user=admin123 auth=0 sid=47131a5d57524cb4bb65e6b9491a0d4a from ::1
2014/07/16 07:07:43 [/uverworld/html/admin/total/index.php] access : user=admin123 auth=0 sid=47131a5d57524cb4bb65e6b9491a0d4a from ::1
2014/07/16 07:11:54 [/uverworld/html/admin/mail/index.php] access : user=admin123 auth=0 sid=47131a5d57524cb4bb65e6b9491a0d4a from ::1
2014/07/16 07:11:59 [/uverworld/html/admin/mail/index.php] access : user=admin123 auth=0 sid=47131a5d57524cb4bb65e6b9491a0d4a from ::1
2014/07/16 07:12:04 [/uverworld/html/admin/mail/template.php] access : user=admin123 auth=0 sid=47131a5d57524cb4bb65e6b9491a0d4a from ::1
2014/07/16 07:12:06 [/uverworld/html/admin/mail/template_input.php] access : user=admin123 auth=0 sid=47131a5d57524cb4bb65e6b9491a0d4a from ::1
2014/07/16 07:12:10 [/uverworld/html/admin/mail/history.php] access : user=admin123 auth=0 sid=47131a5d57524cb4bb65e6b9491a0d4a from ::1
2014/07/16 07:12:11 [/uverworld/html/admin/mail/index.php] access : user=admin123 auth=0 sid=47131a5d57524cb4bb65e6b9491a0d4a from ::1
2014/07/16 07:12:14 [/uverworld/html/admin/contents/index.php] access : user=admin123 auth=0 sid=47131a5d57524cb4bb65e6b9491a0d4a from ::1
2014/07/16 07:12:17 [/uverworld/html/admin/contents/recommend.php] access : user=admin123 auth=0 sid=47131a5d57524cb4bb65e6b9491a0d4a from ::1
2014/07/16 07:12:21 [/uverworld/html/admin/contents/recommend_search.php] access : user=admin123 auth=0 sid=47131a5d57524cb4bb65e6b9491a0d4a from ::1
2014/07/16 07:12:37 [/uverworld/html/admin/contents/recommend_search.php] access : user=admin123 auth=0 sid=47131a5d57524cb4bb65e6b9491a0d4a from ::1
2014/07/16 07:12:57 [/uverworld/html/admin/contents/recommend_search.php] access : user=admin123 auth=0 sid=47131a5d57524cb4bb65e6b9491a0d4a from ::1
2014/07/16 07:12:58 [/uverworld/html/admin/contents/recommend_search.php] access : user=admin123 auth=0 sid=47131a5d57524cb4bb65e6b9491a0d4a from ::1
2014/07/16 07:13:03 [/uverworld/html/admin/contents/recommend_search.php] access : user=admin123 auth=0 sid=47131a5d57524cb4bb65e6b9491a0d4a from ::1
2014/07/16 07:13:10 [/uverworld/html/admin/contents/recommend_search.php] access : user=admin123 auth=0 sid=47131a5d57524cb4bb65e6b9491a0d4a from ::1
2014/07/16 07:13:13 [/uverworld/html/admin/contents/recommend.php] access : user=admin123 auth=0 sid=47131a5d57524cb4bb65e6b9491a0d4a from ::1
2014/07/16 07:13:19 [/uverworld/html/admin/contents/recommend.php] access : user=admin123 auth=0 sid=47131a5d57524cb4bb65e6b9491a0d4a from ::1
2014/07/16 07:13:29 [/uverworld/html/admin/contents/recommend_search.php] access : user=admin123 auth=0 sid=47131a5d57524cb4bb65e6b9491a0d4a from ::1
2014/07/16 07:13:33 [/uverworld/html/admin/contents/recommend_search.php] access : user=admin123 auth=0 sid=47131a5d57524cb4bb65e6b9491a0d4a from ::1
2014/07/16 07:13:34 [/uverworld/html/admin/contents/recommend.php] access : user=admin123 auth=0 sid=47131a5d57524cb4bb65e6b9491a0d4a from ::1
2014/07/16 07:13:48 [/uverworld/html/admin/contents/recommend.php] access : user=admin123 auth=0 sid=47131a5d57524cb4bb65e6b9491a0d4a from ::1
2014/07/16 07:19:31 [/uverworld/html/admin/contents/recommend.php] access : user=admin123 auth=0 sid=47131a5d57524cb4bb65e6b9491a0d4a from ::1
2014/07/16 07:21:38 [/uverworld/html/admin/design/index.php] access : user=admin123 auth=0 sid=47131a5d57524cb4bb65e6b9491a0d4a from ::1
2014/07/16 07:21:41 [/uverworld/html/admin/design/index.php] access : user=admin123 auth=0 sid=47131a5d57524cb4bb65e6b9491a0d4a from ::1
2014/07/16 07:21:41 [/uverworld/html/admin/design/bloc.php] access : user=admin123 auth=0 sid=47131a5d57524cb4bb65e6b9491a0d4a from ::1
2014/07/16 07:32:11 [/uverworld/html/admin/design/index.php] access : user=admin123 auth=0 sid=47131a5d57524cb4bb65e6b9491a0d4a from ::1
2014/07/16 07:32:40 [/uverworld/html/admin/design/index.php] access : user=admin123 auth=0 sid=47131a5d57524cb4bb65e6b9491a0d4a from ::1
2014/07/16 07:33:14 [/uverworld/html/admin/contents/recommend.php] access : user=admin123 auth=0 sid=47131a5d57524cb4bb65e6b9491a0d4a from ::1
2014/07/16 07:34:46 [/uverworld/html/admin/contents/recommend.php] access : user=admin123 auth=0 sid=47131a5d57524cb4bb65e6b9491a0d4a from ::1
2014/07/16 07:34:49 [/uverworld/html/admin/design/main_edit.php] access : user=admin123 auth=0 sid=47131a5d57524cb4bb65e6b9491a0d4a from ::1
2014/07/16 07:35:02 [/uverworld/html/admin/contents/index.php] access : user=admin123 auth=0 sid=47131a5d57524cb4bb65e6b9491a0d4a from ::1
2014/07/16 07:35:19 [/uverworld/html/admin/contents/file_manager.php] access : user=admin123 auth=0 sid=47131a5d57524cb4bb65e6b9491a0d4a from ::1
2014/07/16 07:35:25 [/uverworld/html/admin/contents/file_manager.php] access : user=admin123 auth=0 sid=47131a5d57524cb4bb65e6b9491a0d4a from ::1
2014/07/16 07:35:31 [/uverworld/html/admin/contents/file_manager.php] access : user=admin123 auth=0 sid=47131a5d57524cb4bb65e6b9491a0d4a from ::1
2014/07/16 07:35:34 [/uverworld/html/admin/contents/file_manager.php] access : user=admin123 auth=0 sid=47131a5d57524cb4bb65e6b9491a0d4a from ::1
2014/07/16 07:35:48 [/uverworld/html/admin/contents/file_manager.php] access : user=admin123 auth=0 sid=47131a5d57524cb4bb65e6b9491a0d4a from ::1
2014/07/16 07:35:48 [/uverworld/html/admin/contents/file_manager.php] access : user=admin123 auth=0 sid=47131a5d57524cb4bb65e6b9491a0d4a from ::1
2014/07/16 07:35:55 [/uverworld/html/admin/contents/csv.php] access : user=admin123 auth=0 sid=47131a5d57524cb4bb65e6b9491a0d4a from ::1
2014/07/16 07:38:13 [/uverworld/html/admin/system/index.php] access : user=admin123 auth=0 sid=47131a5d57524cb4bb65e6b9491a0d4a from ::1
2014/07/16 07:38:18 [/uverworld/html/admin/system/input.php] access : user=admin123 auth=0 sid=47131a5d57524cb4bb65e6b9491a0d4a from ::1
2014/07/16 07:38:28 [/uverworld/html/admin/system/input.php] access : user=admin123 auth=0 sid=47131a5d57524cb4bb65e6b9491a0d4a from ::1
2014/07/16 08:23:24 [/uverworld/html/admin/ownersstore/index.php] access : user=admin123 auth=0 sid=47131a5d57524cb4bb65e6b9491a0d4a from ::1
2014/07/16 08:24:04 [/uverworld/html/admin/ownersstore/index.php] access : user=admin123 auth=0 sid=47131a5d57524cb4bb65e6b9491a0d4a from ::1
2014/07/16 08:24:04 [/uverworld/html/admin/ownersstore/index.php] PayPalExpressCheckout_1.0.1.tar.gz -> /Applications/MAMP/htdocs/uverworld/html/upload/temp_plugin/PayPalExpressCheckout_1.0.1.tar.gz from ::1
2014/07/16 08:24:04 [/uverworld/html/admin/ownersstore/index.php] Decompression:/Applications/MAMP/htdocs/uverworld/html/../data/downloads/tmp/plugin_install/PayPalExpressCheckout_1.0.1.tar.gz->/Applications/MAMP/htdocs/uverworld/html/../data/downloads/tmp/plugin_install/PayPalExpressCheckout_1.0.1 from ::1
2014/07/16 08:33:35 [/uverworld/html/admin/system/system.php] access : user=admin123 auth=0 sid=47131a5d57524cb4bb65e6b9491a0d4a from ::1
2014/07/16 08:33:35 [/uverworld/html/admin/system/system.php] access : user=admin123 auth=0 sid=47131a5d57524cb4bb65e6b9491a0d4a from ::1
2014/07/16 10:34:01 [/uverworld/html/admin/ownersstore/index.php] access : user=admin123 auth=0 sid=47131a5d57524cb4bb65e6b9491a0d4a from ::1
2014/07/16 10:34:15 [/uverworld/html/admin/ownersstore/index.php] access : user=admin123 auth=0 sid=47131a5d57524cb4bb65e6b9491a0d4a from ::1
2014/07/16 10:34:15 [/uverworld/html/admin/ownersstore/index.php] PayPalExpressCheckout_1.0.1.tar.gz -> /Applications/MAMP/htdocs/uverworld/html/upload/temp_plugin/PayPalExpressCheckout_1.0.1.tar.gz from ::1
2014/07/16 10:34:15 [/uverworld/html/admin/ownersstore/index.php] Decompression:/Applications/MAMP/htdocs/uverworld/html/../data/downloads/tmp/plugin_install/PayPalExpressCheckout_1.0.1.tar.gz->/Applications/MAMP/htdocs/uverworld/html/../data/downloads/tmp/plugin_install/PayPalExpressCheckout_1.0.1 from ::1
2014/07/17 02:49:32 [/uverworld/html/admin/index.php] access error. from ::1
2014/07/17 02:49:32 [/uverworld/html/admin/index.php] login: user=admin123(2) auth=0 lastlogin=2014-07-16 02:59:59 sid= from ::1
2014/07/17 02:49:32 [/uverworld/html/admin/home.php] access : user=admin123 auth=0 sid=0f36819e2de4d7afeaa76273c6ec4f84 from ::1
2014/07/17 03:47:59 [/uverworld/html/admin/ownersstore/index.php] access : user=admin123 auth=0 sid=0f36819e2de4d7afeaa76273c6ec4f84 from ::1
2014/07/17 03:48:02 [/uverworld/html/admin/ownersstore/index.php] access : user=admin123 auth=0 sid=0f36819e2de4d7afeaa76273c6ec4f84 from ::1
2014/07/17 03:48:06 [/uverworld/html/admin/basis/payment.php] access : user=admin123 auth=0 sid=0f36819e2de4d7afeaa76273c6ec4f84 from ::1
2014/07/17 03:48:08 [/uverworld/html/admin/ownersstore/index.php] access : user=admin123 auth=0 sid=0f36819e2de4d7afeaa76273c6ec4f84 from ::1
2014/07/17 03:48:10 [/uverworld/html/admin/ownersstore/settings.php] access : user=admin123 auth=0 sid=0f36819e2de4d7afeaa76273c6ec4f84 from ::1
2014/07/17 03:48:12 [/uverworld/html/admin/ownersstore/index.php] access : user=admin123 auth=0 sid=0f36819e2de4d7afeaa76273c6ec4f84 from ::1
2014/07/17 03:54:23 [/uverworld/html/admin/ownersstore/index.php] access : user=admin123 auth=0 sid=0f36819e2de4d7afeaa76273c6ec4f84 from ::1
2014/07/17 03:54:23 [/uverworld/html/admin/ownersstore/index.php] sample_plugin.tar.gz -> /Applications/MAMP/htdocs/uverworld/html/upload/temp_plugin/sample_plugin.tar.gz from ::1
2014/07/17 03:54:23 [/uverworld/html/admin/ownersstore/index.php] Decompression:/Applications/MAMP/htdocs/uverworld/html/../data/downloads/tmp/plugin_install/sample_plugin.tar.gz->/Applications/MAMP/htdocs/uverworld/html/../data/downloads/tmp/plugin_install/sample_plugin from ::1
2014/07/17 03:56:32 [/uverworld/html/admin/ownersstore/index.php] access : user=admin123 auth=0 sid=0f36819e2de4d7afeaa76273c6ec4f84 from ::1
2014/07/17 03:56:32 [/uverworld/html/admin/ownersstore/index.php] sample_plugin.tar.gz -> /Applications/MAMP/htdocs/uverworld/html/upload/temp_plugin/sample_plugin.tar.gz from ::1
2014/07/17 03:56:32 [/uverworld/html/admin/ownersstore/index.php] Decompression:/Applications/MAMP/htdocs/uverworld/html/../data/downloads/tmp/plugin_install/sample_plugin.tar.gz->/Applications/MAMP/htdocs/uverworld/html/../data/downloads/tmp/plugin_install/sample_plugin from ::1
2014/07/17 03:56:35 [/uverworld/html/admin/ownersstore/index.php] access : user=admin123 auth=0 sid=0f36819e2de4d7afeaa76273c6ec4f84 from ::1
2014/07/17 03:56:39 [/uverworld/html/admin/ownersstore/index.php] access : user=admin123 auth=0 sid=0f36819e2de4d7afeaa76273c6ec4f84 from ::1
2014/07/17 04:15:09 [/uverworld/html/admin/ownersstore/index.php] access : user=admin123 auth=0 sid=0f36819e2de4d7afeaa76273c6ec4f84 from ::1
2014/07/17 04:15:09 [/uverworld/html/admin/ownersstore/index.php] PayPalExpressCheckout.tar.gz -> /Applications/MAMP/htdocs/uverworld/html/upload/temp_plugin/PayPalExpressCheckout.tar.gz from ::1
2014/07/17 04:15:09 [/uverworld/html/admin/ownersstore/index.php] Decompression:/Applications/MAMP/htdocs/uverworld/html/../data/downloads/tmp/plugin_install/PayPalExpressCheckout.tar.gz->/Applications/MAMP/htdocs/uverworld/html/../data/downloads/tmp/plugin_install/PayPalExpressCheckout from ::1
2014/07/17 04:16:01 [/uverworld/html/admin/ownersstore/index.php] access : user=admin123 auth=0 sid=0f36819e2de4d7afeaa76273c6ec4f84 from ::1
2014/07/17 04:16:02 [/uverworld/html/admin/ownersstore/index.php] sample_plugin.tar.gz -> /Applications/MAMP/htdocs/uverworld/html/upload/temp_plugin/sample_plugin.tar.gz from ::1
2014/07/17 04:16:02 [/uverworld/html/admin/ownersstore/index.php] Decompression:/Applications/MAMP/htdocs/uverworld/html/../data/downloads/tmp/plugin_install/sample_plugin.tar.gz->/Applications/MAMP/htdocs/uverworld/html/../data/downloads/tmp/plugin_install/sample_plugin from ::1
2014/07/17 04:16:25 [/uverworld/html/admin/ownersstore/index.php] access : user=admin123 auth=0 sid=0f36819e2de4d7afeaa76273c6ec4f84 from ::1
2014/07/17 04:16:25 [/uverworld/html/admin/ownersstore/index.php] PayPalExpressCheckout.tar.gz -> /Applications/MAMP/htdocs/uverworld/html/upload/temp_plugin/PayPalExpressCheckout.tar.gz from ::1
2014/07/17 04:16:25 [/uverworld/html/admin/ownersstore/index.php] Decompression:/Applications/MAMP/htdocs/uverworld/html/../data/downloads/tmp/plugin_install/PayPalExpressCheckout.tar.gz->/Applications/MAMP/htdocs/uverworld/html/../data/downloads/tmp/plugin_install/PayPalExpressCheckout from ::1
2014/07/17 04:16:28 [/uverworld/html/admin/ownersstore/index.php] access : user=admin123 auth=0 sid=0f36819e2de4d7afeaa76273c6ec4f84 from ::1
2014/07/17 04:23:13 [/uverworld/html/admin/ownersstore/index.php] access : user=admin123 auth=0 sid=0f36819e2de4d7afeaa76273c6ec4f84 from ::1
2014/07/17 04:23:15 [/uverworld/html/admin/ownersstore/index.php] access : user=admin123 auth=0 sid=0f36819e2de4d7afeaa76273c6ec4f84 from ::1
2014/07/17 04:23:29 [/uverworld/html/admin/ownersstore/index.php] access : user=admin123 auth=0 sid=0f36819e2de4d7afeaa76273c6ec4f84 from ::1
2014/07/17 04:23:29 [/uverworld/html/admin/ownersstore/index.php] PayPalExpressCheckout.tar.gz -> /Applications/MAMP/htdocs/uverworld/html/upload/temp_plugin/PayPalExpressCheckout.tar.gz from ::1
2014/07/17 04:23:29 [/uverworld/html/admin/ownersstore/index.php] Decompression:/Applications/MAMP/htdocs/uverworld/html/../data/downloads/tmp/plugin_install/PayPalExpressCheckout.tar.gz->/Applications/MAMP/htdocs/uverworld/html/../data/downloads/tmp/plugin_install/PayPalExpressCheckout from ::1
2014/07/17 04:23:34 [/uverworld/html/admin/system/parameter.php] access : user=admin123 auth=0 sid=0f36819e2de4d7afeaa76273c6ec4f84 from ::1
2014/07/17 04:23:55 [/uverworld/html/admin/system/parameter.php] access : user=admin123 auth=0 sid=0f36819e2de4d7afeaa76273c6ec4f84 from ::1
2014/07/17 04:24:04 [/uverworld/html/admin/ownersstore/index.php] access : user=admin123 auth=0 sid=0f36819e2de4d7afeaa76273c6ec4f84 from ::1
2014/07/17 04:24:59 [/uverworld/html/admin/ownersstore/index.php] access : user=admin123 auth=0 sid=0f36819e2de4d7afeaa76273c6ec4f84 from ::1
2014/07/17 04:24:59 [/uverworld/html/admin/ownersstore/index.php] PayPalExpressCheckout.zip -> /Applications/MAMP/htdocs/uverworld/html/upload/temp_plugin/PayPalExpressCheckout.zip from ::1
2014/07/17 04:24:59 [/uverworld/html/admin/ownersstore/index.php] Decompression:/Applications/MAMP/htdocs/uverworld/html/../data/downloads/tmp/plugin_install/PayPalExpressCheckout.zip->/Applications/MAMP/htdocs/uverworld/html/../data/downloads/tmp/plugin_install/PayPalExpressCheckout.zip from ::1
2014/07/17 04:58:15 [/uverworld/html/admin/index.php] access : user=admin123 auth=0 sid=0f36819e2de4d7afeaa76273c6ec4f84 from ::1
2014/07/17 04:58:15 [/uverworld/html/admin/index.php] login: user=admin123(2) auth=0 lastlogin=2014-07-17 02:49:32 sid=0f36819e2de4d7afeaa76273c6ec4f84 from ::1
2014/07/17 04:58:15 [/uverworld/html/admin/home.php] access : user=admin123 auth=0 sid=0f36819e2de4d7afeaa76273c6ec4f84 from ::1
2014/07/17 04:58:22 [/uverworld/html/admin/design/index.php] access : user=admin123 auth=0 sid=0f36819e2de4d7afeaa76273c6ec4f84 from ::1
2014/07/18 05:12:11 [/uverworld/html/admin/index.php] access error. from ::1
2014/07/18 05:12:11 [/uverworld/html/admin/index.php] login: user=admin123(2) auth=0 lastlogin=2014-07-17 04:58:15 sid= from ::1
2014/07/18 05:12:11 [/uverworld/html/admin/home.php] access : user=admin123 auth=0 sid=6a90ae41f125ed5d834bd8388e7b2d6e from ::1
2014/07/18 05:12:24 [/uverworld/html/admin/design/index.php] access : user=admin123 auth=0 sid=6a90ae41f125ed5d834bd8388e7b2d6e from ::1
2014/07/18 05:13:00 [/uverworld/html/admin/design/index.php] access : user=admin123 auth=0 sid=6a90ae41f125ed5d834bd8388e7b2d6e from ::1
2014/07/18 05:13:00 [/uverworld/html/admin/design/index.php] access : user=admin123 auth=0 sid=6a90ae41f125ed5d834bd8388e7b2d6e from ::1
2014/07/18 05:23:07 [/uverworld/html/admin/design/index.php] access : user=admin123 auth=0 sid=6a90ae41f125ed5d834bd8388e7b2d6e from ::1
2014/07/18 05:23:07 [/uverworld/html/admin/design/index.php] access : user=admin123 auth=0 sid=6a90ae41f125ed5d834bd8388e7b2d6e from ::1
2014/07/18 05:23:15 [/uverworld/html/admin/design/index.php] access : user=admin123 auth=0 sid=6a90ae41f125ed5d834bd8388e7b2d6e from ::1
2014/07/18 06:44:00 [/uverworld/html/admin/design/index.php] access : user=admin123 auth=0 sid=6a90ae41f125ed5d834bd8388e7b2d6e from ::1
2014/07/18 06:44:07 [/uverworld/html/admin/design/index.php] access : user=admin123 auth=0 sid=6a90ae41f125ed5d834bd8388e7b2d6e from ::1
2014/07/18 06:44:11 [/uverworld/html/admin/design/main_edit.php] access : user=admin123 auth=0 sid=6a90ae41f125ed5d834bd8388e7b2d6e from ::1
2014/07/18 06:44:57 [/uverworld/html/admin/contents/index.php] access : user=admin123 auth=0 sid=6a90ae41f125ed5d834bd8388e7b2d6e from ::1
2014/07/18 06:45:02 [/uverworld/html/admin/contents/recommend.php] access : user=admin123 auth=0 sid=6a90ae41f125ed5d834bd8388e7b2d6e from ::1
2014/07/18 06:45:11 [/uverworld/html/admin/design/bloc.php] access : user=admin123 auth=0 sid=6a90ae41f125ed5d834bd8388e7b2d6e from ::1
2014/07/18 06:45:22 [/uverworld/html/admin/design/bloc.php] access : user=admin123 auth=0 sid=6a90ae41f125ed5d834bd8388e7b2d6e from ::1
2014/07/18 06:50:44 [/uverworld/html/admin/design/bloc.php] access : user=admin123 auth=0 sid=6a90ae41f125ed5d834bd8388e7b2d6e from ::1
2014/07/18 06:50:44 [/uverworld/html/admin/design/bloc.php] access : user=admin123 auth=0 sid=6a90ae41f125ed5d834bd8388e7b2d6e from ::1
2014/07/18 06:59:26 [/uverworld/html/admin/design/bloc.php] access : user=admin123 auth=0 sid=6a90ae41f125ed5d834bd8388e7b2d6e from ::1
2014/07/18 06:59:26 [/uverworld/html/admin/design/bloc.php] access : user=admin123 auth=0 sid=6a90ae41f125ed5d834bd8388e7b2d6e from ::1
2014/07/18 06:59:30 [/uverworld/html/admin/design/index.php] access : user=admin123 auth=0 sid=6a90ae41f125ed5d834bd8388e7b2d6e from ::1
2014/07/18 06:59:37 [/uverworld/html/admin/design/index.php] access : user=admin123 auth=0 sid=6a90ae41f125ed5d834bd8388e7b2d6e from ::1
2014/07/18 06:59:37 [/uverworld/html/admin/design/index.php] access : user=admin123 auth=0 sid=6a90ae41f125ed5d834bd8388e7b2d6e from ::1
2014/07/18 07:00:21 [/uverworld/html/admin/design/bloc.php] access : user=admin123 auth=0 sid=6a90ae41f125ed5d834bd8388e7b2d6e from ::1
2014/07/18 07:00:25 [/uverworld/html/admin/design/template.php] access : user=admin123 auth=0 sid=6a90ae41f125ed5d834bd8388e7b2d6e from ::1
2014/07/18 07:00:27 [/uverworld/html/admin/design/index.php] access : user=admin123 auth=0 sid=6a90ae41f125ed5d834bd8388e7b2d6e from ::1
2014/07/18 07:00:39 [/uverworld/html/admin/design/bloc.php] access : user=admin123 auth=0 sid=6a90ae41f125ed5d834bd8388e7b2d6e from ::1
2014/07/18 07:00:45 [/uverworld/html/admin/design/bloc.php] access : user=admin123 auth=0 sid=6a90ae41f125ed5d834bd8388e7b2d6e from ::1
2014/07/18 07:01:17 [/uverworld/html/admin/design/bloc.php] access : user=admin123 auth=0 sid=6a90ae41f125ed5d834bd8388e7b2d6e from ::1
2014/07/18 07:01:21 [/uverworld/html/admin/design/bloc.php] access : user=admin123 auth=0 sid=6a90ae41f125ed5d834bd8388e7b2d6e from ::1
2014/07/18 07:01:45 [/uverworld/html/admin/design/index.php] access : user=admin123 auth=0 sid=6a90ae41f125ed5d834bd8388e7b2d6e from ::1
2014/07/18 07:01:51 [/uverworld/html/admin/design/index.php] access : user=admin123 auth=0 sid=6a90ae41f125ed5d834bd8388e7b2d6e from ::1
2014/07/18 07:01:51 [/uverworld/html/admin/design/index.php] access : user=admin123 auth=0 sid=6a90ae41f125ed5d834bd8388e7b2d6e from ::1
2014/07/18 07:01:55 [/uverworld/html/admin/design/bloc.php] access : user=admin123 auth=0 sid=6a90ae41f125ed5d834bd8388e7b2d6e from ::1
2014/07/18 07:02:44 [/uverworld/html/admin/design/bloc.php] access : user=admin123 auth=0 sid=6a90ae41f125ed5d834bd8388e7b2d6e from ::1
2014/07/18 07:07:43 [/uverworld/html/admin/design/bloc.php] access : user=admin123 auth=0 sid=6a90ae41f125ed5d834bd8388e7b2d6e from ::1
2014/07/18 07:07:43 [/uverworld/html/admin/design/bloc.php] access : user=admin123 auth=0 sid=6a90ae41f125ed5d834bd8388e7b2d6e from ::1
2014/07/18 07:08:05 [/uverworld/html/admin/design/bloc.php] access : user=admin123 auth=0 sid=6a90ae41f125ed5d834bd8388e7b2d6e from ::1
2014/07/18 07:08:05 [/uverworld/html/admin/design/bloc.php] access : user=admin123 auth=0 sid=6a90ae41f125ed5d834bd8388e7b2d6e from ::1
2014/07/18 07:38:26 [/uverworld/html/admin/design/bloc.php] access : user=admin123 auth=0 sid=6a90ae41f125ed5d834bd8388e7b2d6e from ::1
2014/07/18 07:38:26 [/uverworld/html/admin/design/bloc.php] access : user=admin123 auth=0 sid=6a90ae41f125ed5d834bd8388e7b2d6e from ::1
2014/07/18 07:39:24 [/uverworld/html/admin/design/bloc.php] access : user=admin123 auth=0 sid=6a90ae41f125ed5d834bd8388e7b2d6e from ::1
2014/07/18 07:39:24 [/uverworld/html/admin/design/bloc.php] access : user=admin123 auth=0 sid=6a90ae41f125ed5d834bd8388e7b2d6e from ::1
2014/07/18 07:40:28 [/uverworld/html/admin/design/bloc.php] access : user=admin123 auth=0 sid=6a90ae41f125ed5d834bd8388e7b2d6e from ::1
2014/07/18 07:40:29 [/uverworld/html/admin/design/bloc.php] access : user=admin123 auth=0 sid=6a90ae41f125ed5d834bd8388e7b2d6e from ::1
2014/07/18 07:41:03 [/uverworld/html/admin/design/bloc.php] access : user=admin123 auth=0 sid=6a90ae41f125ed5d834bd8388e7b2d6e from ::1
2014/07/18 07:41:03 [/uverworld/html/admin/design/bloc.php] access : user=admin123 auth=0 sid=6a90ae41f125ed5d834bd8388e7b2d6e from ::1
2014/07/18 07:58:15 [/uverworld/html/admin/design/bloc.php] access : user=admin123 auth=0 sid=6a90ae41f125ed5d834bd8388e7b2d6e from ::1
2014/07/18 07:58:15 [/uverworld/html/admin/design/bloc.php] access : user=admin123 auth=0 sid=6a90ae41f125ed5d834bd8388e7b2d6e from ::1
2014/07/29 04:35:12 [/uverworld/html/admin/index.php] admin password incorrect. from ::1
2014/07/29 04:35:28 [/uverworld/html/admin/index.php] access error. from ::1
2014/07/29 04:35:28 [/uverworld/html/admin/index.php] login: user=admin123(2) auth=0 lastlogin=2014-07-18 05:12:11 sid= from ::1
2014/07/29 04:35:28 [/uverworld/html/admin/home.php] access : user=admin123 auth=0 sid=3ac3cb3dc47ae3f1a0c5d2977aa2379c from ::1
2014/07/29 04:37:33 [/uverworld/html/admin/products/product.php] access : user=admin123 auth=0 sid=3ac3cb3dc47ae3f1a0c5d2977aa2379c from ::1
2014/07/29 04:44:33 [/uverworld/html/admin/products/product.php] access : user=admin123 auth=0 sid=3ac3cb3dc47ae3f1a0c5d2977aa2379c from ::1
2014/07/29 04:44:40 [/uverworld/html/admin/products/product.php] access : user=admin123 auth=0 sid=3ac3cb3dc47ae3f1a0c5d2977aa2379c from ::1
2014/07/29 04:44:46 [/uverworld/html/admin/products/product.php] access : user=admin123 auth=0 sid=3ac3cb3dc47ae3f1a0c5d2977aa2379c from ::1
2014/07/29 04:44:50 [/uverworld/html/admin/products/product.php] access : user=admin123 auth=0 sid=3ac3cb3dc47ae3f1a0c5d2977aa2379c from ::1
2014/07/29 04:44:54 [/uverworld/html/admin/products/product.php] access : user=admin123 auth=0 sid=3ac3cb3dc47ae3f1a0c5d2977aa2379c from ::1
2014/07/29 04:44:56 [/uverworld/html/admin/products/product.php] access : user=admin123 auth=0 sid=3ac3cb3dc47ae3f1a0c5d2977aa2379c from ::1
2014/07/29 04:51:19 [/uverworld/html/admin/products/product.php] access : user=admin123 auth=0 sid=3ac3cb3dc47ae3f1a0c5d2977aa2379c from ::1
2014/07/29 04:51:24 [/uverworld/html/admin/products/index.php] access : user=admin123 auth=0 sid=3ac3cb3dc47ae3f1a0c5d2977aa2379c from ::1
2014/07/29 04:52:15 [/uverworld/html/admin/products/index.php] access : user=admin123 auth=0 sid=3ac3cb3dc47ae3f1a0c5d2977aa2379c from ::1
2014/07/29 04:52:19 [/uverworld/html/admin/products/index.php] access : user=admin123 auth=0 sid=3ac3cb3dc47ae3f1a0c5d2977aa2379c from ::1
2014/07/29 04:52:25 [/uverworld/html/admin/products/index.php] access : user=admin123 auth=0 sid=3ac3cb3dc47ae3f1a0c5d2977aa2379c from ::1
2014/07/29 04:52:25 [/uverworld/html/admin/products/index.php] access : user=admin123 auth=0 sid=3ac3cb3dc47ae3f1a0c5d2977aa2379c from ::1
2014/07/29 04:52:26 [/uverworld/html/admin/products/index.php] access : user=admin123 auth=0 sid=3ac3cb3dc47ae3f1a0c5d2977aa2379c from ::1
2014/07/29 04:52:27 [/uverworld/html/admin/products/index.php] access : user=admin123 auth=0 sid=3ac3cb3dc47ae3f1a0c5d2977aa2379c from ::1
2014/07/29 04:52:29 [/uverworld/html/admin/products/index.php] access : user=admin123 auth=0 sid=3ac3cb3dc47ae3f1a0c5d2977aa2379c from ::1
2014/07/29 04:52:55 [/uverworld/html/admin/products/product.php] access : user=admin123 auth=0 sid=3ac3cb3dc47ae3f1a0c5d2977aa2379c from ::1
2014/07/29 04:53:31 [/uverworld/html/admin/products/product.php] access : user=admin123 auth=0 sid=3ac3cb3dc47ae3f1a0c5d2977aa2379c from ::1
2014/07/29 04:53:33 [/uverworld/html/admin/products/index.php] access : user=admin123 auth=0 sid=3ac3cb3dc47ae3f1a0c5d2977aa2379c from ::1
2014/07/29 04:53:34 [/uverworld/html/admin/products/index.php] access : user=admin123 auth=0 sid=3ac3cb3dc47ae3f1a0c5d2977aa2379c from ::1
2014/07/29 04:53:35 [/uverworld/html/admin/products/index.php] access : user=admin123 auth=0 sid=3ac3cb3dc47ae3f1a0c5d2977aa2379c from ::1
2014/07/29 04:55:04 [/uverworld/html/admin/products/product.php] access : user=admin123 auth=0 sid=3ac3cb3dc47ae3f1a0c5d2977aa2379c from ::1
2014/07/29 04:55:18 [/uverworld/html/admin/index.php] access : user=admin123 auth=0 sid=3ac3cb3dc47ae3f1a0c5d2977aa2379c from ::1
2014/07/29 04:55:18 [/uverworld/html/admin/index.php] login: user=admin123(2) auth=0 lastlogin=2014-07-29 04:35:28 sid=3ac3cb3dc47ae3f1a0c5d2977aa2379c from ::1
2014/07/29 04:55:18 [/uverworld/html/admin/home.php] access : user=admin123 auth=0 sid=3ac3cb3dc47ae3f1a0c5d2977aa2379c from ::1
2014/07/29 04:55:22 [/uverworld/html/admin/products/index.php] access : user=admin123 auth=0 sid=3ac3cb3dc47ae3f1a0c5d2977aa2379c from ::1
2014/07/29 04:55:24 [/uverworld/html/admin/products/index.php] access : user=admin123 auth=0 sid=3ac3cb3dc47ae3f1a0c5d2977aa2379c from ::1
2014/07/29 04:55:34 [/uverworld/html/admin/products/product.php] access : user=admin123 auth=0 sid=3ac3cb3dc47ae3f1a0c5d2977aa2379c from ::1
2014/07/29 04:56:31 [/uverworld/html/admin/products/product_select.php] access : user=admin123 auth=0 sid=3ac3cb3dc47ae3f1a0c5d2977aa2379c from ::1
2014/07/29 04:56:35 [/uverworld/html/admin/products/product_select.php] access : user=admin123 auth=0 sid=3ac3cb3dc47ae3f1a0c5d2977aa2379c from ::1
2014/07/29 04:56:38 [/uverworld/html/admin/products/product.php] access : user=admin123 auth=0 sid=3ac3cb3dc47ae3f1a0c5d2977aa2379c from ::1
2014/07/29 04:56:53 [/uverworld/html/admin/products/product.php] access : user=admin123 auth=0 sid=3ac3cb3dc47ae3f1a0c5d2977aa2379c from ::1
2014/07/29 04:56:58 [/uverworld/html/admin/products/product.php] access : user=admin123 auth=0 sid=3ac3cb3dc47ae3f1a0c5d2977aa2379c from ::1
2014/07/29 04:57:01 [/uverworld/html/admin/products/product_class.php] access : user=admin123 auth=0 sid=3ac3cb3dc47ae3f1a0c5d2977aa2379c from ::1
2014/07/29 04:57:13 [/uverworld/html/admin/products/category.php] access : user=admin123 auth=0 sid=3ac3cb3dc47ae3f1a0c5d2977aa2379c from ::1
2014/07/29 04:57:15 [/uverworld/html/admin/products/category.php] access : user=admin123 auth=0 sid=3ac3cb3dc47ae3f1a0c5d2977aa2379c from ::1
2014/07/29 04:57:17 [/uverworld/html/admin/products/category.php] access : user=admin123 auth=0 sid=3ac3cb3dc47ae3f1a0c5d2977aa2379c from ::1
2014/07/29 04:57:19 [/uverworld/html/admin/products/category.php] access : user=admin123 auth=0 sid=3ac3cb3dc47ae3f1a0c5d2977aa2379c from ::1
2014/07/29 04:57:22 [/uverworld/html/admin/products/product_rank.php] access : user=admin123 auth=0 sid=3ac3cb3dc47ae3f1a0c5d2977aa2379c from ::1
2014/07/29 04:57:24 [/uverworld/html/admin/products/product_rank.php] access : user=admin123 auth=0 sid=3ac3cb3dc47ae3f1a0c5d2977aa2379c from ::1
2014/07/29 04:57:26 [/uverworld/html/admin/products/product_rank.php] access : user=admin123 auth=0 sid=3ac3cb3dc47ae3f1a0c5d2977aa2379c from ::1
2014/07/29 04:58:03 [/uverworld/html/admin/products/product_rank.php] access : user=admin123 auth=0 sid=3ac3cb3dc47ae3f1a0c5d2977aa2379c from ::1
2014/07/29 04:58:05 [/uverworld/html/admin/products/product_rank.php] access : user=admin123 auth=0 sid=3ac3cb3dc47ae3f1a0c5d2977aa2379c from ::1
2014/07/29 04:58:05 [/uverworld/html/admin/products/product_rank.php] access : user=admin123 auth=0 sid=3ac3cb3dc47ae3f1a0c5d2977aa2379c from ::1
2014/07/29 04:58:05 [/uverworld/html/admin/products/product_rank.php] access : user=admin123 auth=0 sid=3ac3cb3dc47ae3f1a0c5d2977aa2379c from ::1
2014/07/29 04:58:06 [/uverworld/html/admin/products/product_rank.php] access : user=admin123 auth=0 sid=3ac3cb3dc47ae3f1a0c5d2977aa2379c from ::1
2014/07/29 04:58:06 [/uverworld/html/admin/products/product_rank.php] access : user=admin123 auth=0 sid=3ac3cb3dc47ae3f1a0c5d2977aa2379c from ::1
2014/07/29 04:58:06 [/uverworld/html/admin/products/product_rank.php] access : user=admin123 auth=0 sid=3ac3cb3dc47ae3f1a0c5d2977aa2379c from ::1
2014/07/29 04:58:06 [/uverworld/html/admin/products/product_rank.php] access : user=admin123 auth=0 sid=3ac3cb3dc47ae3f1a0c5d2977aa2379c from ::1
2014/07/29 04:58:06 [/uverworld/html/admin/products/product_rank.php] access : user=admin123 auth=0 sid=3ac3cb3dc47ae3f1a0c5d2977aa2379c from ::1
2014/07/29 04:58:07 [/uverworld/html/admin/products/product_rank.php] access : user=admin123 auth=0 sid=3ac3cb3dc47ae3f1a0c5d2977aa2379c from ::1
2014/07/29 04:58:07 [/uverworld/html/admin/products/product_rank.php] access : user=admin123 auth=0 sid=3ac3cb3dc47ae3f1a0c5d2977aa2379c from ::1
2014/07/29 04:58:07 [/uverworld/html/admin/products/product_rank.php] access : user=admin123 auth=0 sid=3ac3cb3dc47ae3f1a0c5d2977aa2379c from ::1
2014/07/29 04:58:07 [/uverworld/html/admin/products/product_rank.php] access : user=admin123 auth=0 sid=3ac3cb3dc47ae3f1a0c5d2977aa2379c from ::1
2014/07/29 04:58:07 [/uverworld/html/admin/products/product_rank.php] access : user=admin123 auth=0 sid=3ac3cb3dc47ae3f1a0c5d2977aa2379c from ::1
2014/07/29 04:58:08 [/uverworld/html/admin/products/product_rank.php] access : user=admin123 auth=0 sid=3ac3cb3dc47ae3f1a0c5d2977aa2379c from ::1
2014/07/29 04:58:08 [/uverworld/html/admin/products/product_rank.php] access : user=admin123 auth=0 sid=3ac3cb3dc47ae3f1a0c5d2977aa2379c from ::1
2014/07/29 04:58:08 [/uverworld/html/admin/products/product_rank.php] access : user=admin123 auth=0 sid=3ac3cb3dc47ae3f1a0c5d2977aa2379c from ::1
2014/07/29 04:58:08 [/uverworld/html/admin/products/product_rank.php] access : user=admin123 auth=0 sid=3ac3cb3dc47ae3f1a0c5d2977aa2379c from ::1
2014/07/29 04:58:08 [/uverworld/html/admin/products/product_rank.php] access : user=admin123 auth=0 sid=3ac3cb3dc47ae3f1a0c5d2977aa2379c from ::1
2014/07/29 04:58:17 [/uverworld/html/admin/products/product_rank.php] access : user=admin123 auth=0 sid=3ac3cb3dc47ae3f1a0c5d2977aa2379c from ::1
2014/07/29 04:58:21 [/uverworld/html/admin/products/product_rank.php] access : user=admin123 auth=0 sid=3ac3cb3dc47ae3f1a0c5d2977aa2379c from ::1
2014/07/29 04:58:22 [/uverworld/html/admin/products/product_rank.php] access : user=admin123 auth=0 sid=3ac3cb3dc47ae3f1a0c5d2977aa2379c from ::1
2014/07/29 04:58:23 [/uverworld/html/admin/products/product_rank.php] access : user=admin123 auth=0 sid=3ac3cb3dc47ae3f1a0c5d2977aa2379c from ::1
2014/07/29 04:58:24 [/uverworld/html/admin/products/product_rank.php] access : user=admin123 auth=0 sid=3ac3cb3dc47ae3f1a0c5d2977aa2379c from ::1
2014/07/29 04:58:25 [/uverworld/html/admin/products/product_rank.php] access : user=admin123 auth=0 sid=3ac3cb3dc47ae3f1a0c5d2977aa2379c from ::1
2014/07/29 04:59:07 [/uverworld/html/admin/products/class.php] access : user=admin123 auth=0 sid=3ac3cb3dc47ae3f1a0c5d2977aa2379c from ::1
2014/07/29 04:59:10 [/uverworld/html/admin/products/product.php] access : user=admin123 auth=0 sid=3ac3cb3dc47ae3f1a0c5d2977aa2379c from ::1
2014/07/29 04:59:14 [/uverworld/html/admin/products/index.php] access : user=admin123 auth=0 sid=3ac3cb3dc47ae3f1a0c5d2977aa2379c from ::1
2014/07/29 04:59:15 [/uverworld/html/admin/products/index.php] access : user=admin123 auth=0 sid=3ac3cb3dc47ae3f1a0c5d2977aa2379c from ::1
2014/07/29 04:59:21 [/uverworld/html/admin/products/product.php] access : user=admin123 auth=0 sid=3ac3cb3dc47ae3f1a0c5d2977aa2379c from ::1
2014/07/29 04:59:43 [/uverworld/html/admin/products/product.php] access : user=admin123 auth=0 sid=3ac3cb3dc47ae3f1a0c5d2977aa2379c from ::1
2014/07/29 04:59:56 [/uverworld/html/admin/products/product.php] access : user=admin123 auth=0 sid=3ac3cb3dc47ae3f1a0c5d2977aa2379c from ::1
2014/07/29 05:00:01 [/uverworld/html/admin/products/product.php] access : user=admin123 auth=0 sid=3ac3cb3dc47ae3f1a0c5d2977aa2379c from ::1
2014/07/29 05:00:25 [/uverworld/html/admin/contents/recommend.php] access : user=admin123 auth=0 sid=3ac3cb3dc47ae3f1a0c5d2977aa2379c from ::1
2014/07/29 05:00:32 [/uverworld/html/admin/products/product.php] access : user=admin123 auth=0 sid=3ac3cb3dc47ae3f1a0c5d2977aa2379c from ::1
2014/07/29 05:00:39 [/uverworld/html/admin/products/index.php] access : user=admin123 auth=0 sid=3ac3cb3dc47ae3f1a0c5d2977aa2379c from ::1
2014/07/29 05:00:40 [/uverworld/html/admin/products/index.php] access : user=admin123 auth=0 sid=3ac3cb3dc47ae3f1a0c5d2977aa2379c from ::1
2014/07/29 05:00:51 [/uverworld/html/admin/products/product.php] access : user=admin123 auth=0 sid=3ac3cb3dc47ae3f1a0c5d2977aa2379c from ::1
2014/07/29 05:01:53 [/uverworld/html/admin/products/product.php] access : user=admin123 auth=0 sid=3ac3cb3dc47ae3f1a0c5d2977aa2379c from ::1
2014/07/29 05:01:56 [/uverworld/html/admin/products/product.php] access : user=admin123 auth=0 sid=3ac3cb3dc47ae3f1a0c5d2977aa2379c from ::1
2014/07/29 07:21:16 [/uverworld/html/admin/ownersstore/index.php] access : user=admin123 auth=0 sid=3ac3cb3dc47ae3f1a0c5d2977aa2379c from ::1
2014/07/29 07:21:51 [/uverworld/html/admin/ownersstore/index.php] access : user=admin123 auth=0 sid=3ac3cb3dc47ae3f1a0c5d2977aa2379c from ::1
2014/07/29 07:21:52 [/uverworld/html/admin/ownersstore/index.php] PayPalExpressCheckout_1.0.1.tar.gz -> /Applications/MAMP/htdocs/uverworld/html/upload/temp_plugin/PayPalExpressCheckout_1.0.1.tar.gz from ::1
2014/07/29 07:21:52 [/uverworld/html/admin/ownersstore/index.php] Decompression:/Applications/MAMP/htdocs/uverworld/html/../data/downloads/tmp/plugin_install/PayPalExpressCheckout_1.0.1.tar.gz->/Applications/MAMP/htdocs/uverworld/html/../data/downloads/tmp/plugin_install/PayPalExpressCheckout_1.0.1 from ::1
2014/07/29 07:27:48 [/uverworld/html/admin/products/product.php] access : user=admin123 auth=0 sid=3ac3cb3dc47ae3f1a0c5d2977aa2379c from ::1
2014/07/29 07:29:12 [/uverworld/html/admin/products/product.php] access : user=admin123 auth=0 sid=3ac3cb3dc47ae3f1a0c5d2977aa2379c from ::1
2014/07/29 07:29:19 [/uverworld/html/admin/products/product.php] access : user=admin123 auth=0 sid=3ac3cb3dc47ae3f1a0c5d2977aa2379c from ::1
2014/07/29 07:29:21 [/uverworld/html/admin/products/product.php] access : user=admin123 auth=0 sid=3ac3cb3dc47ae3f1a0c5d2977aa2379c from ::1
2014/07/29 07:29:30 [/uverworld/html/admin/products/product.php] access : user=admin123 auth=0 sid=3ac3cb3dc47ae3f1a0c5d2977aa2379c from ::1
2014/07/29 07:29:36 [/uverworld/html/admin/products/product.php] access : user=admin123 auth=0 sid=3ac3cb3dc47ae3f1a0c5d2977aa2379c from ::1
2014/07/29 07:30:25 [/uverworld/html/admin/products/product.php] access : user=admin123 auth=0 sid=3ac3cb3dc47ae3f1a0c5d2977aa2379c from ::1
2014/07/29 07:30:30 [/uverworld/html/admin/products/product.php] access : user=admin123 auth=0 sid=3ac3cb3dc47ae3f1a0c5d2977aa2379c from ::1
2014/07/29 07:30:40 [/uverworld/html/admin/products/product.php] access : user=admin123 auth=0 sid=3ac3cb3dc47ae3f1a0c5d2977aa2379c from ::1
2014/07/29 07:30:43 [/uverworld/html/admin/products/product.php] access : user=admin123 auth=0 sid=3ac3cb3dc47ae3f1a0c5d2977aa2379c from ::1
2014/07/29 07:49:37 [/uverworld/html/admin/design/index.php] access : user=admin123 auth=0 sid=3ac3cb3dc47ae3f1a0c5d2977aa2379c from ::1
2014/07/29 07:50:18 [/uverworld/html/admin/contents/index.php] access : user=admin123 auth=0 sid=3ac3cb3dc47ae3f1a0c5d2977aa2379c from ::1
2014/07/29 07:50:22 [/uverworld/html/admin/contents/recommend.php] access : user=admin123 auth=0 sid=3ac3cb3dc47ae3f1a0c5d2977aa2379c from ::1
2014/07/29 07:50:27 [/uverworld/html/admin/design/template.php] access : user=admin123 auth=0 sid=3ac3cb3dc47ae3f1a0c5d2977aa2379c from ::1
2014/07/29 07:50:31 [/uverworld/html/admin/design/index.php] access : user=admin123 auth=0 sid=3ac3cb3dc47ae3f1a0c5d2977aa2379c from ::1
2014/07/29 08:24:55 [/uverworld/html/admin/design/index.php] access : user=admin123 auth=0 sid=3ac3cb3dc47ae3f1a0c5d2977aa2379c from ::1
2014/07/29 08:24:55 [/uverworld/html/admin/design/bloc.php] access : user=admin123 auth=0 sid=3ac3cb3dc47ae3f1a0c5d2977aa2379c from ::1
2014/07/29 08:25:13 [/uverworld/html/admin/design/bloc.php] access : user=admin123 auth=0 sid=3ac3cb3dc47ae3f1a0c5d2977aa2379c from ::1
2014/07/29 08:25:56 [/uverworld/html/admin/design/bloc.php] access : user=admin123 auth=0 sid=3ac3cb3dc47ae3f1a0c5d2977aa2379c from ::1
2014/07/29 08:25:56 [/uverworld/html/admin/design/bloc.php] access : user=admin123 auth=0 sid=3ac3cb3dc47ae3f1a0c5d2977aa2379c from ::1
2014/07/29 08:26:56 [/uverworld/html/admin/design/index.php] access : user=admin123 auth=0 sid=3ac3cb3dc47ae3f1a0c5d2977aa2379c from ::1
2014/07/29 08:27:09 [/uverworld/html/admin/design/index.php] access : user=admin123 auth=0 sid=3ac3cb3dc47ae3f1a0c5d2977aa2379c from ::1
2014/07/29 08:27:09 [/uverworld/html/admin/design/index.php] access : user=admin123 auth=0 sid=3ac3cb3dc47ae3f1a0c5d2977aa2379c from ::1
2014/07/29 08:27:34 [/uverworld/html/admin/design/index.php] access : user=admin123 auth=0 sid=3ac3cb3dc47ae3f1a0c5d2977aa2379c from ::1
2014/07/29 08:27:34 [/uverworld/html/admin/design/index.php] access : user=admin123 auth=0 sid=3ac3cb3dc47ae3f1a0c5d2977aa2379c from ::1
2014/07/29 08:27:51 [/uverworld/html/admin/design/index.php] access : user=admin123 auth=0 sid=3ac3cb3dc47ae3f1a0c5d2977aa2379c from ::1
2014/07/29 08:27:52 [/uverworld/html/admin/design/bloc.php] access : user=admin123 auth=0 sid=3ac3cb3dc47ae3f1a0c5d2977aa2379c from ::1
2014/07/29 08:27:59 [/uverworld/html/admin/design/bloc.php] access : user=admin123 auth=0 sid=3ac3cb3dc47ae3f1a0c5d2977aa2379c from ::1
2014/07/29 08:34:49 [/uverworld/html/admin/ownersstore/index.php] access : user=admin123 auth=0 sid=3ac3cb3dc47ae3f1a0c5d2977aa2379c from ::1
2014/07/29 08:34:51 [/uverworld/html/admin/ownersstore/module.php] access : user=admin123 auth=0 sid=3ac3cb3dc47ae3f1a0c5d2977aa2379c from ::1
2014/07/29 08:34:55 [/uverworld/html/admin/ownersstore/index.php] access : user=admin123 auth=0 sid=3ac3cb3dc47ae3f1a0c5d2977aa2379c from ::1
2014/07/29 08:37:23 [/uverworld/html/admin/design/bloc.php] access : user=admin123 auth=0 sid=3ac3cb3dc47ae3f1a0c5d2977aa2379c from ::1
2014/07/29 08:37:23 [/uverworld/html/admin/design/bloc.php] access : user=admin123 auth=0 sid=3ac3cb3dc47ae3f1a0c5d2977aa2379c from ::1
2014/07/29 08:40:33 [/uverworld/html/admin/design/bloc.php] access : user=admin123 auth=0 sid=3ac3cb3dc47ae3f1a0c5d2977aa2379c from ::1
2014/07/29 08:40:33 [/uverworld/html/admin/design/bloc.php] access : user=admin123 auth=0 sid=3ac3cb3dc47ae3f1a0c5d2977aa2379c from ::1
2014/07/29 08:48:58 [/uverworld/html/admin/design/bloc.php] access : user=admin123 auth=0 sid=3ac3cb3dc47ae3f1a0c5d2977aa2379c from ::1
2014/07/29 08:48:58 [/uverworld/html/admin/design/bloc.php] access : user=admin123 auth=0 sid=3ac3cb3dc47ae3f1a0c5d2977aa2379c from ::1
2014/07/29 08:49:42 [/uverworld/html/admin/design/bloc.php] access : user=admin123 auth=0 sid=3ac3cb3dc47ae3f1a0c5d2977aa2379c from ::1
2014/07/29 08:49:42 [/uverworld/html/admin/design/bloc.php] access : user=admin123 auth=0 sid=3ac3cb3dc47ae3f1a0c5d2977aa2379c from ::1
2014/07/29 08:52:01 [/uverworld/html/admin/design/bloc.php] access : user=admin123 auth=0 sid=3ac3cb3dc47ae3f1a0c5d2977aa2379c from ::1
2014/07/29 08:52:01 [/uverworld/html/admin/design/bloc.php] access : user=admin123 auth=0 sid=3ac3cb3dc47ae3f1a0c5d2977aa2379c from ::1
2014/07/29 08:52:33 [/uverworld/html/admin/design/bloc.php] access : user=admin123 auth=0 sid=3ac3cb3dc47ae3f1a0c5d2977aa2379c from ::1
2014/07/29 08:52:33 [/uverworld/html/admin/design/bloc.php] access : user=admin123 auth=0 sid=3ac3cb3dc47ae3f1a0c5d2977aa2379c from ::1
2014/07/29 08:56:07 [/uverworld/html/admin/design/bloc.php] access : user=admin123 auth=0 sid=3ac3cb3dc47ae3f1a0c5d2977aa2379c from ::1
2014/07/29 08:56:07 [/uverworld/html/admin/design/bloc.php] access : user=admin123 auth=0 sid=3ac3cb3dc47ae3f1a0c5d2977aa2379c from ::1
2014/07/29 08:58:28 [/uverworld/html/admin/design/index.php] access : user=admin123 auth=0 sid=3ac3cb3dc47ae3f1a0c5d2977aa2379c from ::1
2014/07/29 08:58:30 [/uverworld/html/admin/design/index.php] access : user=admin123 auth=0 sid=3ac3cb3dc47ae3f1a0c5d2977aa2379c from ::1
2014/07/29 08:58:31 [/uverworld/html/admin/design/bloc.php] access : user=admin123 auth=0 sid=3ac3cb3dc47ae3f1a0c5d2977aa2379c from ::1
2014/07/29 08:59:20 [/uverworld/html/admin/design/bloc.php] access : user=admin123 auth=0 sid=3ac3cb3dc47ae3f1a0c5d2977aa2379c from ::1
2014/07/29 08:59:20 [/uverworld/html/admin/design/bloc.php] access : user=admin123 auth=0 sid=3ac3cb3dc47ae3f1a0c5d2977aa2379c from ::1
2014/07/29 08:59:26 [/uverworld/html/admin/design/index.php] access : user=admin123 auth=0 sid=3ac3cb3dc47ae3f1a0c5d2977aa2379c from ::1
2014/07/29 08:59:39 [/uverworld/html/admin/design/index.php] access : user=admin123 auth=0 sid=3ac3cb3dc47ae3f1a0c5d2977aa2379c from ::1
2014/07/29 08:59:39 [/uverworld/html/admin/design/index.php] access : user=admin123 auth=0 sid=3ac3cb3dc47ae3f1a0c5d2977aa2379c from ::1
2014/07/29 08:59:58 [/uverworld/html/admin/design/index.php] access : user=admin123 auth=0 sid=3ac3cb3dc47ae3f1a0c5d2977aa2379c from ::1
2014/07/29 08:59:58 [/uverworld/html/admin/design/bloc.php] access : user=admin123 auth=0 sid=3ac3cb3dc47ae3f1a0c5d2977aa2379c from ::1
2014/07/29 09:00:03 [/uverworld/html/admin/design/bloc.php] access : user=admin123 auth=0 sid=3ac3cb3dc47ae3f1a0c5d2977aa2379c from ::1
2014/07/29 09:00:27 [/uverworld/html/admin/design/bloc.php] access : user=admin123 auth=0 sid=3ac3cb3dc47ae3f1a0c5d2977aa2379c from ::1
2014/07/29 09:00:27 [/uverworld/html/admin/design/bloc.php] access : user=admin123 auth=0 sid=3ac3cb3dc47ae3f1a0c5d2977aa2379c from ::1
2014/07/29 09:00:45 [/uverworld/html/admin/design/index.php] access : user=admin123 auth=0 sid=3ac3cb3dc47ae3f1a0c5d2977aa2379c from ::1
2014/07/29 09:01:00 [/uverworld/html/admin/design/index.php] access : user=admin123 auth=0 sid=3ac3cb3dc47ae3f1a0c5d2977aa2379c from ::1
2014/07/29 09:01:00 [/uverworld/html/admin/design/index.php] access : user=admin123 auth=0 sid=3ac3cb3dc47ae3f1a0c5d2977aa2379c from ::1
2014/07/29 10:05:02 [/uverworld/html/admin/design/index.php] access : user=admin123 auth=0 sid=3ac3cb3dc47ae3f1a0c5d2977aa2379c from ::1
2014/07/29 10:05:02 [/uverworld/html/admin/design/bloc.php] access : user=admin123 auth=0 sid=3ac3cb3dc47ae3f1a0c5d2977aa2379c from ::1
2014/07/29 10:05:21 [/uverworld/html/admin/design/bloc.php] access : user=admin123 auth=0 sid=3ac3cb3dc47ae3f1a0c5d2977aa2379c from ::1
2014/07/29 10:05:21 [/uverworld/html/admin/design/bloc.php] access : user=admin123 auth=0 sid=3ac3cb3dc47ae3f1a0c5d2977aa2379c from ::1
2014/07/29 10:05:27 [/uverworld/html/admin/design/index.php] access : user=admin123 auth=0 sid=3ac3cb3dc47ae3f1a0c5d2977aa2379c from ::1
2014/07/29 10:05:48 [/uverworld/html/admin/design/index.php] access : user=admin123 auth=0 sid=3ac3cb3dc47ae3f1a0c5d2977aa2379c from ::1
2014/07/29 10:05:48 [/uverworld/html/admin/design/index.php] access : user=admin123 auth=0 sid=3ac3cb3dc47ae3f1a0c5d2977aa2379c from ::1
2014/07/29 10:06:11 [/uverworld/html/admin/design/index.php] access : user=admin123 auth=0 sid=3ac3cb3dc47ae3f1a0c5d2977aa2379c from ::1
2014/07/29 10:06:11 [/uverworld/html/admin/design/index.php] access : user=admin123 auth=0 sid=3ac3cb3dc47ae3f1a0c5d2977aa2379c from ::1
2014/07/29 10:08:18 [/uverworld/html/admin/design/index.php] access : user=admin123 auth=0 sid=3ac3cb3dc47ae3f1a0c5d2977aa2379c from ::1
2014/07/29 10:08:18 [/uverworld/html/admin/design/index.php] access : user=admin123 auth=0 sid=3ac3cb3dc47ae3f1a0c5d2977aa2379c from ::1
2014/07/29 10:08:31 [/uverworld/html/admin/design/index.php] access : user=admin123 auth=0 sid=3ac3cb3dc47ae3f1a0c5d2977aa2379c from ::1
2014/07/29 10:08:31 [/uverworld/html/admin/design/index.php] access : user=admin123 auth=0 sid=3ac3cb3dc47ae3f1a0c5d2977aa2379c from ::1
2014/07/30 03:17:47 [/uverworld/html/admin/index.php] access error. from ::1
2014/07/30 03:17:47 [/uverworld/html/admin/index.php] login: user=admin123(2) auth=0 lastlogin=2014-07-29 04:55:18 sid= from ::1
2014/07/30 03:17:47 [/uverworld/html/admin/home.php] access : user=admin123 auth=0 sid=eb279537ee1d1456c72c8faef849d758 from ::1
2014/07/30 03:27:04 [/uverworld/html/admin/design/index.php] access : user=admin123 auth=0 sid=eb279537ee1d1456c72c8faef849d758 from ::1
2014/07/30 03:27:13 [/uverworld/html/admin/design/index.php] access : user=admin123 auth=0 sid=eb279537ee1d1456c72c8faef849d758 from ::1
2014/07/30 03:27:18 [/uverworld/html/admin/design/index.php] access : user=admin123 auth=0 sid=eb279537ee1d1456c72c8faef849d758 from ::1
2014/07/30 03:27:24 [/uverworld/html/admin/design/main_edit.php] access : user=admin123 auth=0 sid=eb279537ee1d1456c72c8faef849d758 from ::1
2014/07/30 03:34:09 [/uverworld/html/admin/index.php] access error. from ::1
2014/07/30 03:34:09 [/uverworld/html/admin/index.php] login: user=admin123(2) auth=0 lastlogin=2014-07-30 03:17:47 sid= from ::1
2014/07/30 03:34:09 [/uverworld/html/admin/home.php] access : user=admin123 auth=0 sid=4f6b301b31a282fd5950e4624f7cba13 from ::1
2014/07/30 03:38:15 [/uverworld/html/admin/design/index.php] access : user=admin123 auth=0 sid=4f6b301b31a282fd5950e4624f7cba13 from ::1
2014/07/30 03:41:12 [/uverworld/html/admin/design/index.php] access : user=admin123 auth=0 sid=4f6b301b31a282fd5950e4624f7cba13 from ::1
2014/07/30 03:41:16 [/uverworld/html/admin/design/main_edit.php] access : user=admin123 auth=0 sid=4f6b301b31a282fd5950e4624f7cba13 from ::1
2014/07/30 03:47:24 [/uverworld/html/admin/design/index.php] access : user=admin123 auth=0 sid=4f6b301b31a282fd5950e4624f7cba13 from ::1
2014/07/30 03:47:28 [/uverworld/html/admin/design/index.php] access : user=admin123 auth=0 sid=4f6b301b31a282fd5950e4624f7cba13 from ::1
2014/07/30 03:47:28 [/uverworld/html/admin/design/bloc.php] access : user=admin123 auth=0 sid=4f6b301b31a282fd5950e4624f7cba13 from ::1
2014/07/30 03:47:39 [/uverworld/html/admin/design/bloc.php] access : user=admin123 auth=0 sid=4f6b301b31a282fd5950e4624f7cba13 from ::1
2014/07/30 03:48:38 [/uverworld/html/admin/design/index.php] access : user=admin123 auth=0 sid=4f6b301b31a282fd5950e4624f7cba13 from ::1
2014/07/30 03:48:44 [/uverworld/html/admin/design/main_edit.php] access : user=admin123 auth=0 sid=4f6b301b31a282fd5950e4624f7cba13 from ::1
2014/07/30 03:49:42 [/uverworld/html/admin/design/bloc.php] access : user=admin123 auth=0 sid=4f6b301b31a282fd5950e4624f7cba13 from ::1
2014/07/30 03:49:42 [/uverworld/html/admin/design/bloc.php] access : user=admin123 auth=0 sid=4f6b301b31a282fd5950e4624f7cba13 from ::1
2014/07/30 03:50:59 [/uverworld/html/admin/design/bloc.php] access : user=admin123 auth=0 sid=4f6b301b31a282fd5950e4624f7cba13 from ::1
2014/07/30 03:50:59 [/uverworld/html/admin/design/bloc.php] access : user=admin123 auth=0 sid=4f6b301b31a282fd5950e4624f7cba13 from ::1
2014/07/30 03:59:06 [/uverworld/html/admin/design/index.php] access : user=admin123 auth=0 sid=4f6b301b31a282fd5950e4624f7cba13 from ::1
2014/07/30 04:00:21 [/uverworld/html/admin/design/index.php] access : user=admin123 auth=0 sid=4f6b301b31a282fd5950e4624f7cba13 from ::1
2014/07/30 04:02:40 [/uverworld/html/admin/design/index.php] access : user=admin123 auth=0 sid=4f6b301b31a282fd5950e4624f7cba13 from ::1
2014/07/30 04:02:40 [/uverworld/html/admin/design/main_edit.php] access : user=admin123 auth=0 sid=4f6b301b31a282fd5950e4624f7cba13 from ::1
2014/07/30 04:04:19 [/uverworld/html/admin/design/index.php] access : user=admin123 auth=0 sid=4f6b301b31a282fd5950e4624f7cba13 from ::1
2014/07/30 04:04:27 [/uverworld/html/admin/design/main_edit.php] access : user=admin123 auth=0 sid=4f6b301b31a282fd5950e4624f7cba13 from ::1
2014/07/30 04:04:43 [/uverworld/html/admin/design/main_edit.php] access : user=admin123 auth=0 sid=4f6b301b31a282fd5950e4624f7cba13 from ::1
2014/07/30 04:04:43 [/uverworld/html/admin/design/main_edit.php] access : user=admin123 auth=0 sid=4f6b301b31a282fd5950e4624f7cba13 from ::1
2014/07/30 04:05:56 [/uverworld/html/admin/design/bloc.php] access : user=admin123 auth=0 sid=4f6b301b31a282fd5950e4624f7cba13 from ::1
2014/07/30 04:05:56 [/uverworld/html/admin/design/bloc.php] access : user=admin123 auth=0 sid=4f6b301b31a282fd5950e4624f7cba13 from ::1
2014/07/30 05:11:06 [/uverworld/html/admin/design/index.php] access : user=admin123 auth=0 sid=4f6b301b31a282fd5950e4624f7cba13 from ::1
2014/07/30 05:11:24 [/uverworld/html/admin/design/main_edit.php] access : user=admin123 auth=0 sid=4f6b301b31a282fd5950e4624f7cba13 from ::1
2014/07/30 05:14:35 [/uverworld/html/admin/design/main_edit.php] access : user=admin123 auth=0 sid=4f6b301b31a282fd5950e4624f7cba13 from ::1
2014/07/30 05:14:41 [/uverworld/html/admin/design/main_edit.php] access : user=admin123 auth=0 sid=4f6b301b31a282fd5950e4624f7cba13 from ::1
2014/07/30 05:15:16 [/uverworld/html/admin/design/main_edit.php] access : user=admin123 auth=0 sid=4f6b301b31a282fd5950e4624f7cba13 from ::1
2014/07/30 05:16:06 [/uverworld/html/admin/design/main_edit.php] access : user=admin123 auth=0 sid=4f6b301b31a282fd5950e4624f7cba13 from ::1
2014/07/30 05:16:06 [/uverworld/html/admin/design/main_edit.php] access : user=admin123 auth=0 sid=4f6b301b31a282fd5950e4624f7cba13 from ::1
2014/07/30 05:16:31 [/uverworld/html/admin/design/main_edit.php] access : user=admin123 auth=0 sid=4f6b301b31a282fd5950e4624f7cba13 from ::1
2014/07/30 05:16:31 [/uverworld/html/admin/design/main_edit.php] access : user=admin123 auth=0 sid=4f6b301b31a282fd5950e4624f7cba13 from ::1
2014/07/30 05:20:51 [/uverworld/html/admin/design/main_edit.php] access : user=admin123 auth=0 sid=4f6b301b31a282fd5950e4624f7cba13 from ::1
2014/07/30 05:20:51 [/uverworld/html/admin/design/main_edit.php] access : user=admin123 auth=0 sid=4f6b301b31a282fd5950e4624f7cba13 from ::1
2014/07/30 05:20:56 [/uverworld/html/admin/design/index.php] access : user=admin123 auth=0 sid=4f6b301b31a282fd5950e4624f7cba13 from ::1
2014/07/30 05:21:17 [/uverworld/html/admin/design/index.php] access : user=admin123 auth=0 sid=4f6b301b31a282fd5950e4624f7cba13 from ::1
2014/07/30 05:21:17 [/uverworld/html/admin/design/bloc.php] access : user=admin123 auth=0 sid=4f6b301b31a282fd5950e4624f7cba13 from ::1
2014/07/30 05:21:24 [/uverworld/html/admin/design/main_edit.php] access : user=admin123 auth=0 sid=4f6b301b31a282fd5950e4624f7cba13 from ::1
2014/07/30 05:21:29 [/uverworld/html/admin/design/main_edit.php] access : user=admin123 auth=0 sid=4f6b301b31a282fd5950e4624f7cba13 from ::1
2014/07/30 05:21:30 [/uverworld/html/admin/design/main_edit.php] access : user=admin123 auth=0 sid=4f6b301b31a282fd5950e4624f7cba13 from ::1
2014/07/30 05:21:35 [/uverworld/html/admin/design/main_edit.php] access : user=admin123 auth=0 sid=4f6b301b31a282fd5950e4624f7cba13 from ::1
2014/07/30 05:21:35 [/uverworld/html/admin/design/main_edit.php] access : user=admin123 auth=0 sid=4f6b301b31a282fd5950e4624f7cba13 from ::1
2014/07/30 05:21:39 [/uverworld/html/admin/design/index.php] access : user=admin123 auth=0 sid=4f6b301b31a282fd5950e4624f7cba13 from ::1
2014/07/30 05:21:43 [/uverworld/html/admin/design/index.php] access : user=admin123 auth=0 sid=4f6b301b31a282fd5950e4624f7cba13 from ::1
2014/07/30 05:21:43 [/uverworld/html/admin/design/bloc.php] access : user=admin123 auth=0 sid=4f6b301b31a282fd5950e4624f7cba13 from ::1
2014/07/30 05:21:56 [/uverworld/html/admin/design/bloc.php] access : user=admin123 auth=0 sid=4f6b301b31a282fd5950e4624f7cba13 from ::1
2014/07/30 05:21:56 [/uverworld/html/admin/design/bloc.php] access : user=admin123 auth=0 sid=4f6b301b31a282fd5950e4624f7cba13 from ::1
2014/07/30 05:22:06 [/uverworld/html/admin/design/index.php] access : user=admin123 auth=0 sid=4f6b301b31a282fd5950e4624f7cba13 from ::1
2014/07/30 05:22:15 [/uverworld/html/admin/design/index.php] access : user=admin123 auth=0 sid=4f6b301b31a282fd5950e4624f7cba13 from ::1
2014/07/30 05:22:15 [/uverworld/html/admin/design/index.php] access : user=admin123 auth=0 sid=4f6b301b31a282fd5950e4624f7cba13 from ::1
2014/07/30 05:23:03 [/uverworld/html/admin/design/index.php] access : user=admin123 auth=0 sid=4f6b301b31a282fd5950e4624f7cba13 from ::1
2014/07/30 05:23:03 [/uverworld/html/admin/design/bloc.php] access : user=admin123 auth=0 sid=4f6b301b31a282fd5950e4624f7cba13 from ::1
2014/07/30 05:23:07 [/uverworld/html/admin/design/bloc.php] access : user=admin123 auth=0 sid=4f6b301b31a282fd5950e4624f7cba13 from ::1
2014/07/30 07:01:43 [/uverworld/html/admin/design/bloc.php] access : user=admin123 auth=0 sid=4f6b301b31a282fd5950e4624f7cba13 from ::1
2014/07/30 07:01:43 [/uverworld/html/admin/design/bloc.php] access : user=admin123 auth=0 sid=4f6b301b31a282fd5950e4624f7cba13 from ::1
2014/07/30 07:02:25 [/uverworld/html/admin/design/bloc.php] access : user=admin123 auth=0 sid=4f6b301b31a282fd5950e4624f7cba13 from ::1
2014/07/30 07:02:25 [/uverworld/html/admin/design/bloc.php] access : user=admin123 auth=0 sid=4f6b301b31a282fd5950e4624f7cba13 from ::1
2014/07/30 07:04:28 [/uverworld/html/admin/design/bloc.php] access : user=admin123 auth=0 sid=4f6b301b31a282fd5950e4624f7cba13 from ::1
2014/07/30 07:04:28 [/uverworld/html/admin/design/bloc.php] access : user=admin123 auth=0 sid=4f6b301b31a282fd5950e4624f7cba13 from ::1
2014/07/30 07:04:58 [/uverworld/html/admin/design/bloc.php] access : user=admin123 auth=0 sid=4f6b301b31a282fd5950e4624f7cba13 from ::1
2014/07/30 07:04:58 [/uverworld/html/admin/design/bloc.php] access : user=admin123 auth=0 sid=4f6b301b31a282fd5950e4624f7cba13 from ::1
2014/07/30 07:05:41 [/uverworld/html/admin/design/bloc.php] access : user=admin123 auth=0 sid=4f6b301b31a282fd5950e4624f7cba13 from ::1
2014/07/30 07:05:41 [/uverworld/html/admin/design/bloc.php] access : user=admin123 auth=0 sid=4f6b301b31a282fd5950e4624f7cba13 from ::1
2014/07/30 07:06:07 [/uverworld/html/admin/design/bloc.php] access : user=admin123 auth=0 sid=4f6b301b31a282fd5950e4624f7cba13 from ::1
2014/07/30 07:06:07 [/uverworld/html/admin/design/bloc.php] access : user=admin123 auth=0 sid=4f6b301b31a282fd5950e4624f7cba13 from ::1
2014/07/30 07:19:24 [/uverworld/html/admin/design/index.php] access : user=admin123 auth=0 sid=4f6b301b31a282fd5950e4624f7cba13 from ::1
2014/07/30 07:19:36 [/uverworld/html/admin/design/index.php] access : user=admin123 auth=0 sid=4f6b301b31a282fd5950e4624f7cba13 from ::1
2014/07/30 07:19:36 [/uverworld/html/admin/design/bloc.php] access : user=admin123 auth=0 sid=4f6b301b31a282fd5950e4624f7cba13 from ::1
2014/07/30 07:19:39 [/uverworld/html/admin/design/bloc.php] access : user=admin123 auth=0 sid=4f6b301b31a282fd5950e4624f7cba13 from ::1
2014/07/30 07:19:54 [/uverworld/html/admin/design/bloc.php] access : user=admin123 auth=0 sid=4f6b301b31a282fd5950e4624f7cba13 from ::1
2014/07/30 07:20:39 [/uverworld/html/admin/design/bloc.php] access : user=admin123 auth=0 sid=4f6b301b31a282fd5950e4624f7cba13 from ::1
2014/07/30 07:20:40 [/uverworld/html/admin/design/bloc.php] access : user=admin123 auth=0 sid=4f6b301b31a282fd5950e4624f7cba13 from ::1
2014/07/30 07:23:00 [/uverworld/html/admin/design/bloc.php] access : user=admin123 auth=0 sid=4f6b301b31a282fd5950e4624f7cba13 from ::1
2014/07/30 07:23:00 [/uverworld/html/admin/design/bloc.php] access : user=admin123 auth=0 sid=4f6b301b31a282fd5950e4624f7cba13 from ::1
2014/07/30 07:23:49 [/uverworld/html/admin/design/bloc.php] access : user=admin123 auth=0 sid=4f6b301b31a282fd5950e4624f7cba13 from ::1
2014/07/30 07:23:49 [/uverworld/html/admin/design/bloc.php] access : user=admin123 auth=0 sid=4f6b301b31a282fd5950e4624f7cba13 from ::1
2014/07/30 07:26:23 [/uverworld/html/admin/design/bloc.php] access : user=admin123 auth=0 sid=4f6b301b31a282fd5950e4624f7cba13 from ::1
2014/07/30 07:26:23 [/uverworld/html/admin/design/bloc.php] access : user=admin123 auth=0 sid=4f6b301b31a282fd5950e4624f7cba13 from ::1
2014/07/30 07:27:33 [/uverworld/html/admin/design/bloc.php] access : user=admin123 auth=0 sid=4f6b301b31a282fd5950e4624f7cba13 from ::1
2014/07/30 07:27:33 [/uverworld/html/admin/design/bloc.php] access : user=admin123 auth=0 sid=4f6b301b31a282fd5950e4624f7cba13 from ::1
2014/07/30 07:28:03 [/uverworld/html/admin/design/bloc.php] access : user=admin123 auth=0 sid=4f6b301b31a282fd5950e4624f7cba13 from ::1
2014/07/30 07:28:04 [/uverworld/html/admin/design/bloc.php] access : user=admin123 auth=0 sid=4f6b301b31a282fd5950e4624f7cba13 from ::1
2014/07/30 07:33:06 [/uverworld/html/admin/design/bloc.php] access : user=admin123 auth=0 sid=4f6b301b31a282fd5950e4624f7cba13 from ::1
2014/07/30 07:33:06 [/uverworld/html/admin/design/bloc.php] access : user=admin123 auth=0 sid=4f6b301b31a282fd5950e4624f7cba13 from ::1
2014/07/30 07:33:43 [/uverworld/html/admin/design/bloc.php] access : user=admin123 auth=0 sid=4f6b301b31a282fd5950e4624f7cba13 from ::1
2014/07/30 07:33:44 [/uverworld/html/admin/design/bloc.php] access : user=admin123 auth=0 sid=4f6b301b31a282fd5950e4624f7cba13 from ::1
2014/07/30 07:34:26 [/uverworld/html/admin/design/bloc.php] access : user=admin123 auth=0 sid=4f6b301b31a282fd5950e4624f7cba13 from ::1
2014/07/30 07:34:26 [/uverworld/html/admin/design/bloc.php] access : user=admin123 auth=0 sid=4f6b301b31a282fd5950e4624f7cba13 from ::1
2014/07/30 07:35:25 [/uverworld/html/admin/design/bloc.php] access : user=admin123 auth=0 sid=4f6b301b31a282fd5950e4624f7cba13 from ::1
2014/07/30 07:35:26 [/uverworld/html/admin/design/bloc.php] access : user=admin123 auth=0 sid=4f6b301b31a282fd5950e4624f7cba13 from ::1
2014/08/01 07:27:18 [/uverworld/html/admin/index.php] access error. from ::1
2014/08/01 07:27:18 [/uverworld/html/admin/index.php] login: user=admin123(2) auth=0 lastlogin=2014-07-30 03:34:09 sid= from ::1
2014/08/01 07:27:18 [/uverworld/html/admin/home.php] access : user=admin123 auth=0 sid=d6d7a6b8a6cd2bdee13b9ee0499d9c82 from ::1
2014/08/01 07:27:29 [/uverworld/html/admin/design/index.php] access : user=admin123 auth=0 sid=d6d7a6b8a6cd2bdee13b9ee0499d9c82 from ::1
2014/08/01 07:40:10 [/uverworld/html/admin/index.php] access : user=admin123 auth=0 sid=d6d7a6b8a6cd2bdee13b9ee0499d9c82 from ::1
2014/08/01 07:40:10 [/uverworld/html/admin/index.php] login: user=admin123(2) auth=0 lastlogin=2014-08-01 07:27:18 sid=d6d7a6b8a6cd2bdee13b9ee0499d9c82 from ::1
2014/08/01 07:40:10 [/uverworld/html/admin/home.php] access : user=admin123 auth=0 sid=d6d7a6b8a6cd2bdee13b9ee0499d9c82 from ::1
2014/08/01 07:40:15 [/uverworld/html/admin/system/system.php] access : user=admin123 auth=0 sid=d6d7a6b8a6cd2bdee13b9ee0499d9c82 from ::1
2014/08/01 07:40:15 [/uverworld/html/admin/system/system.php] access : user=admin123 auth=0 sid=d6d7a6b8a6cd2bdee13b9ee0499d9c82 from ::1
